2024-11-13 09:32:42,505 - INFO - Crawling baþlatýlýyor: https://blog.sarar.com/sitemap.xml
2024-11-13 09:32:43,824 - ERROR - Sitemap çekilirken hata: SitemapCrawler.get_urls_from_sitemap() takes 1 positional argument but 2 were given
2024-11-13 09:32:43,824 - INFO - Toplam 0 URL bulundu
2024-11-13 09:33:10,575 - INFO - Crawling baþlatýlýyor: https://blog.sarar.com/post-sitemap.xml
2024-11-13 09:33:11,846 - ERROR - Sitemap çekilirken hata: SitemapCrawler.get_urls_from_sitemap() takes 1 positional argument but 2 were given
2024-11-13 09:33:11,846 - INFO - Toplam 0 URL bulundu
2024-11-13 09:34:42,161 - INFO - Crawling baþlatýlýyor: https://blog.sarar.com/post-sitemap.xml
2024-11-13 09:34:45,000 - INFO - Toplam 343 URL bulundu
2024-11-13 09:34:47,517 - INFO - Ýþlenen URL (1/343): https://blog.sarar.com/kumas-yikama-islemleri-nelerdir/
2024-11-13 09:34:47,600 - INFO - Ýþlenen URL (2/343): https://blog.sarar.com/sarar-ile-yaz-isiltisi/
2024-11-13 09:34:47,682 - INFO - Ýþlenen URL (3/343): https://blog.sarar.com/is-gorusmesine-giderken-tercih-edilecek-renkler/
2024-11-13 09:34:50,102 - INFO - Ýþlenen URL (4/343): https://blog.sarar.com/burclara-sans-getiren-renkler-nelerdir/
2024-11-13 09:34:50,160 - INFO - Ýþlenen URL (5/343): https://blog.sarar.com/oglak-burcu-erkegine-ne-hediye-alinir/
2024-11-13 09:34:50,234 - INFO - Ýþlenen URL (6/343): https://blog.sarar.com/oglak-burcu-kadinina-ne-hediye-alinir/
2024-11-13 09:34:52,694 - INFO - Ýþlenen URL (7/343): https://blog.sarar.com/8-mart-dunya-emekci-kadinlarin-anlamli-gunu/
2024-11-13 09:34:52,909 - INFO - Ýþlenen URL (8/343): https://blog.sarar.com/2022-kis-kadin-renk-trendleri/
2024-11-13 09:34:53,057 - INFO - Ýþlenen URL (9/343): https://blog.sarar.com/boga-burcu-kadinina-ne-hediye-alinir/
2024-11-13 09:34:55,254 - INFO - Ýþlenen URL (10/343): https://blog.sarar.com/ikizler-burcu-kadinina-ne-hediye-alinir/
2024-11-13 09:34:55,419 - INFO - Ýþlenen URL (11/343): https://blog.sarar.com/aslan-burcu-kadinina-ne-hediye-alinir/
2024-11-13 09:34:55,545 - INFO - Ýþlenen URL (12/343): https://blog.sarar.com/hafta-sonu-kacamagi-balkaya-ciftligi/
2024-11-13 09:34:57,838 - INFO - Ýþlenen URL (13/343): https://blog.sarar.com/yaz-mevsiminde-yastik-ve-yorgan-seciminin-puf-noktalari/
2024-11-13 09:34:58,022 - INFO - Ýþlenen URL (14/343): https://blog.sarar.com/surdurulebilir-dolap-olusturmak/
2024-11-13 09:35:00,578 - INFO - Ýþlenen URL (15/343): https://blog.sarar.com/avrupa-liginde-anadolu-efes-ruzgari/
2024-11-13 09:35:00,837 - INFO - Ýþlenen URL (16/343): https://blog.sarar.com/meme-kanserinin-guclu-sembolu/
2024-11-13 09:35:00,878 - INFO - Ýþlenen URL (17/343): https://blog.sarar.com/hafta-sonu-kacamagi-longosphere/
2024-11-13 09:35:03,050 - INFO - Ýþlenen URL (18/343): https://blog.sarar.com/alezleri-dogru-yikama-metotlari/
2024-11-13 09:35:03,224 - INFO - Ýþlenen URL (19/343): https://blog.sarar.com/burclara-gore-dekorasyon-nasil-yapilir/
2024-11-13 09:35:03,438 - INFO - Ýþlenen URL (20/343): https://blog.sarar.com/masa-ortulerinde-leke-cikarma-tuyolari/
2024-11-13 09:35:05,484 - INFO - Ýþlenen URL (21/343): https://blog.sarar.com/pamuk-saten-nevresim-takimlarinin-temizligi/
2024-11-13 09:35:05,689 - INFO - Ýþlenen URL (22/343): https://blog.sarar.com/bitmeyen-moda-2021de-esarp-baglama-stilleri/
2024-11-13 09:35:05,907 - INFO - Ýþlenen URL (23/343): https://blog.sarar.com/throw-nedir-ne-icin-kullanilir/
2024-11-13 09:35:07,918 - INFO - Ýþlenen URL (24/343): https://blog.sarar.com/yastik-ve-yorgan-secimiyle-konfora-ulasmak/
2024-11-13 09:35:08,173 - INFO - Ýþlenen URL (25/343): https://blog.sarar.com/sararla-gezi-rehberi-fethiye-kas/
2024-11-13 09:35:08,391 - INFO - Ýþlenen URL (26/343): https://blog.sarar.com/genc-ve-dinamik-ofisler/
2024-11-13 09:35:10,365 - INFO - Ýþlenen URL (27/343): https://blog.sarar.com/beyaz-gomlekler-nasil-ilk-gunku-gibi-kullanilabilir/
2024-11-13 09:35:10,519 - INFO - Ýþlenen URL (28/343): https://blog.sarar.com/deniz-ahmet-kose/
2024-11-13 09:35:10,644 - INFO - Ýþlenen URL (29/343): https://blog.sarar.com/bryant-dunston/
2024-11-13 09:35:12,644 - INFO - Ýþlenen URL (30/343): https://blog.sarar.com/hakan-basar/
2024-11-13 09:35:12,891 - INFO - Ýþlenen URL (31/343): https://blog.sarar.com/ebru-karaduman/
2024-11-13 09:35:12,959 - INFO - Ýþlenen URL (32/343): https://blog.sarar.com/bugrahan-tuncer/
2024-11-13 09:35:14,890 - INFO - Ýþlenen URL (33/343): https://blog.sarar.com/erten-gazi/
2024-11-13 09:35:15,183 - INFO - Ýþlenen URL (34/343): https://blog.sarar.com/doga-huriye-ozkaya/
2024-11-13 09:35:16,329 - INFO - Ýþlenen URL (35/343): https://blog.sarar.com/avrupada-romantizmin-baskentleri-ve-gizli-cennetler/
2024-11-13 09:35:17,428 - INFO - Ýþlenen URL (36/343): https://blog.sarar.com/bir-yaz-ruyasi-turkiyenin-en-iyi-plajlari/
2024-11-13 09:35:17,711 - INFO - Ýþlenen URL (37/343): https://blog.sarar.com/yengec-burclarina-seyahat-rotasi-onerileri/
2024-11-13 09:35:18,839 - INFO - Ýþlenen URL (38/343): https://blog.sarar.com/ikizler-burclarina-seyahat-rotasi-onerileri/
2024-11-13 09:35:20,063 - INFO - Ýþlenen URL (39/343): https://blog.sarar.com/boga-burclarina-seyahat-rotasi-onerileri/
2024-11-13 09:35:20,188 - INFO - Ýþlenen URL (40/343): https://blog.sarar.com/koc-burclarina-seyahat-rotasi-onerileri/
2024-11-13 09:35:21,369 - INFO - Ýþlenen URL (41/343): https://blog.sarar.com/balik-burclarina-seyahat-rotasi-onerileri/
2024-11-13 09:35:22,485 - INFO - Ýþlenen URL (42/343): https://blog.sarar.com/kova-burclarina-seyahat-rotasi-onerileri/
2024-11-13 09:35:22,630 - INFO - Ýþlenen URL (43/343): https://blog.sarar.com/oglak-burclarina-seyahat-rotasi-onerileri/
2024-11-13 09:35:23,907 - INFO - Ýþlenen URL (44/343): https://blog.sarar.com/babalarinizi-mutlu-edecek-21-hediye-onerisi/
2024-11-13 09:35:25,162 - INFO - Ýþlenen URL (45/343): https://blog.sarar.com/brunch-icin-gidebileceginiz-en-iyi-mekanlar/
2024-11-13 09:35:25,162 - INFO - Ýþlenen URL (46/343): https://blog.sarar.com/saglikli-yasam-rutininize-ebru-karaduman-dokunuslari/
2024-11-13 09:35:26,492 - INFO - Ýþlenen URL (47/343): https://blog.sarar.com/ece-ciftci/
2024-11-13 09:35:27,458 - INFO - Ýþlenen URL (48/343): https://blog.sarar.com/ozan-musluoglu/
2024-11-13 09:35:27,591 - INFO - Ýþlenen URL (49/343): https://blog.sarar.com/ferit-odman/
2024-11-13 09:35:30,754 - INFO - Ýþlenen URL (50/343): https://blog.sarar.com/will-clyburn/
2024-11-13 09:35:30,963 - INFO - Ýþlenen URL (51/343): https://blog.sarar.com/alper-levi/
2024-11-13 09:35:31,020 - INFO - Ýþlenen URL (52/343): https://blog.sarar.com/shane-larkin/
2024-11-13 09:35:33,166 - INFO - Ýþlenen URL (53/343): https://blog.sarar.com/bulut-gulen/
2024-11-13 09:35:33,264 - INFO - Ýþlenen URL (54/343): https://blog.sarar.com/volkan-hursever/
2024-11-13 09:35:33,305 - INFO - Ýþlenen URL (55/343): https://blog.sarar.com/nevzat-sayin/
2024-11-13 09:35:35,471 - INFO - Ýþlenen URL (56/343): https://blog.sarar.com/efe-celebi/
2024-11-13 09:35:35,586 - INFO - Ýþlenen URL (57/343): https://blog.sarar.com/fatih-erkoc/
2024-11-13 09:35:35,813 - INFO - Ýþlenen URL (58/343): https://blog.sarar.com/iskandinav-tarzi-ev-dekorasyonu-nedir/
2024-11-13 09:35:37,972 - INFO - Ýþlenen URL (59/343): https://blog.sarar.com/ayakkabi-alirken-ve-kullanirken-dikkat-edilmesi-gerekenler/
2024-11-13 09:35:38,071 - INFO - Ýþlenen URL (60/343): https://blog.sarar.com/tekstil-terimleri-2/
2024-11-13 09:35:38,270 - INFO - Ýþlenen URL (61/343): https://blog.sarar.com/nerede-o-eski-bayramlar/
2024-11-13 09:35:40,760 - INFO - Ýþlenen URL (62/343): https://blog.sarar.com/2022-yili-ev-dekorasyon-trendleri-ve-urunleri/
2024-11-13 09:35:41,016 - INFO - Ýþlenen URL (63/343): https://blog.sarar.com/beyaz-kumlar-ve-mavi-sular-dunyanin-en-iyi-plaj-tatili-rotalari/
2024-11-13 09:35:41,017 - INFO - Ýþlenen URL (64/343): https://blog.sarar.com/macera-tutkunlarina-ozel-amerika-kitasi-tatil-rotalari/
2024-11-13 09:35:43,376 - INFO - Ýþlenen URL (65/343): https://blog.sarar.com/bebek-nevresim-takimi-nasil-secilir/
2024-11-13 09:35:43,576 - INFO - Ýþlenen URL (66/343): https://blog.sarar.com/yatak-odasi-dekorasyonunda-kirlent-kullanimi-ipuclari/
2024-11-13 09:35:43,584 - INFO - Ýþlenen URL (67/343): https://blog.sarar.com/turkiyenin-dogal-guzellikleri-kesfedilmeyi-bekleyen-tatil-rotalari/
2024-11-13 09:35:46,027 - INFO - Ýþlenen URL (68/343): https://blog.sarar.com/kova-burcu-kadinina-ne-hediye-alinir/
2024-11-13 09:35:46,117 - INFO - Ýþlenen URL (69/343): https://blog.sarar.com/kucuk-evler-icin-dekorasyon-fikirleri/
2024-11-13 09:35:46,126 - INFO - Ýþlenen URL (70/343): https://blog.sarar.com/boga-burcu-erkegine-ne-hediye-alinir/
2024-11-13 09:35:49,829 - INFO - Ýþlenen URL (71/343): https://blog.sarar.com/sararla-gezi-rehberi-eskisehir/
2024-11-13 09:35:50,043 - INFO - Ýþlenen URL (72/343): https://blog.sarar.com/sararla-gezi-rehberi-izmir/
2024-11-13 09:35:50,043 - INFO - Ýþlenen URL (73/343): https://blog.sarar.com/yaz-kombinleri-yapilirken-dikkat-edilmesi-gerekenler/
2024-11-13 09:35:52,324 - INFO - Ýþlenen URL (74/343): https://blog.sarar.com/yay-burcu-kadinina-ne-hediye-alinir/
2024-11-13 09:35:52,489 - INFO - Ýþlenen URL (75/343): https://blog.sarar.com/2022-kis-sezonu-aksesuar-trendleri/
2024-11-13 09:35:52,949 - INFO - Ýþlenen URL (76/343): https://blog.sarar.com/basak-burcu-erkegine-ne-hediye-alinir/
2024-11-13 09:35:57,157 - INFO - Ýþlenen URL (77/343): https://blog.sarar.com/ikizler-burcu-erkegine-ne-hediye-alinir/
2024-11-13 09:35:57,765 - INFO - Ýþlenen URL (78/343): https://blog.sarar.com/beach-stilini-yakalayin/
2024-11-13 09:35:58,645 - INFO - Ýþlenen URL (79/343): https://blog.sarar.com/pantolonunuzun-size-tam-oldugunu-anlama-yontemleri/
2024-11-13 09:36:03,398 - INFO - Ýþlenen URL (80/343): https://blog.sarar.com/aslan-burclarina-seyahat-rotasi-onerileri/
2024-11-13 09:36:05,855 - INFO - Ýþlenen URL (81/343): https://blog.sarar.com/yengec-burcu-erkegine-ne-hediye-alinir/
2024-11-13 09:36:06,163 - INFO - Ýþlenen URL (82/343): https://blog.sarar.com/basak-burclarina-seyahat-rotasi-onerileri/
2024-11-13 09:36:06,330 - INFO - Ýþlenen URL (83/343): https://blog.sarar.com/kol-dugmeleri-ne-anlatir/
2024-11-13 09:36:08,443 - INFO - Ýþlenen URL (84/343): https://blog.sarar.com/terazi-burclarina-seyahat-rotasi-onerileri/
2024-11-13 09:36:08,668 - INFO - Ýþlenen URL (85/343): https://blog.sarar.com/yay-burcu-erkegine-ne-hediye-alinir/
2024-11-13 09:36:08,835 - INFO - Ýþlenen URL (86/343): https://blog.sarar.com/2023-kaban-ve-mont-trendleri/
2024-11-13 09:36:11,097 - INFO - Ýþlenen URL (87/343): https://blog.sarar.com/terazi-burcu-erkegine-ne-hediye-alinir/
2024-11-13 09:36:11,230 - INFO - Ýþlenen URL (88/343): https://blog.sarar.com/kravat-nasil-baglanir-farkli-kravat-baglama-stilleri-nelerdir/
2024-11-13 09:36:11,373 - INFO - Ýþlenen URL (89/343): https://blog.sarar.com/vucut-tipinize-gore-dogru-takim-elbise-secimi/
2024-11-13 09:36:13,870 - INFO - Ýþlenen URL (90/343): https://blog.sarar.com/terazi-burcu-kadinina-ne-hediye-alinir/
2024-11-13 09:36:13,977 - INFO - Ýþlenen URL (91/343): https://blog.sarar.com/ceketinizin-size-tam-oldugunu-anlama-yontemleri/
2024-11-13 09:36:14,086 - INFO - Ýþlenen URL (92/343): https://blog.sarar.com/deniz-kum-ve-gunesten-ilham-alanlarin-stili-marin/
2024-11-13 09:36:16,510 - INFO - Ýþlenen URL (93/343): https://blog.sarar.com/body-scanner-vucut-tarama-teknolojisi-nedir/
2024-11-13 09:36:16,617 - INFO - Ýþlenen URL (94/343): https://blog.sarar.com/urunlerin-kullanim-suresini-uzatan-faktorler/
2024-11-13 09:36:16,642 - INFO - Ýþlenen URL (95/343): https://blog.sarar.com/yunlu-trikolarda-elektriklenmeyi-nasil-onleriz/
2024-11-13 09:36:18,961 - INFO - Ýþlenen URL (96/343): https://blog.sarar.com/2021de-one-cikan-desenler-neler/
2024-11-13 09:36:19,178 - INFO - Ýþlenen URL (97/343): https://blog.sarar.com/2022-kis-erkek-triko-modelleri/
2024-11-13 09:36:19,178 - INFO - Ýþlenen URL (98/343): https://blog.sarar.com/kis-aylarinda-hangi-kumaslar-tercih-edilmelidir/
2024-11-13 09:36:21,459 - INFO - Ýþlenen URL (99/343): https://blog.sarar.com/klasik-desenleri-modernize-ettik-kazayagi/
2024-11-13 09:36:21,767 - INFO - Ýþlenen URL (100/343): https://blog.sarar.com/surdurulebilir-dolap-detoksu/
2024-11-13 09:36:21,767 - INFO - Ýþlenen URL (101/343): https://blog.sarar.com/2022-2023-sonbahar-kis-modasi/
2024-11-13 09:36:23,988 - INFO - Ýþlenen URL (102/343): https://blog.sarar.com/renkli-coraplarin-dunyasi/
2024-11-13 09:36:24,324 - INFO - Ýþlenen URL (103/343): https://blog.sarar.com/2022-kis-kadin-kombin-onerileri/
2024-11-13 09:36:24,324 - INFO - Ýþlenen URL (104/343): https://blog.sarar.com/sarar-ile-turnuva-sikligi/
2024-11-13 09:36:26,819 - INFO - Ýþlenen URL (105/343): https://blog.sarar.com/sararla-gezi-rehberi-ayvalik/
2024-11-13 09:36:26,869 - INFO - Ýþlenen URL (106/343): https://blog.sarar.com/2022-kis-zarafeti-sarar-kadin-triko-modelleri/
2024-11-13 09:36:27,209 - INFO - Ýþlenen URL (107/343): https://blog.sarar.com/sevgililer-gunu-hediye-rehberi-2022/
2024-11-13 09:36:29,378 - INFO - Ýþlenen URL (108/343): https://blog.sarar.com/akrep-burcu-erkegine-ne-hediye-alinir/
2024-11-13 09:36:29,419 - INFO - Ýþlenen URL (109/343): https://blog.sarar.com/akrep-burclarina-seyahat-rotasi-onerileri/
2024-11-13 09:36:29,805 - INFO - Ýþlenen URL (110/343): https://blog.sarar.com/cocuklarinizla-yapabileceginiz-cadilar-bayrami-aktiviteleri/
2024-11-13 09:36:31,835 - INFO - Ýþlenen URL (111/343): https://blog.sarar.com/balik-burcu-kadinina-ne-hediye-alinir/
2024-11-13 09:36:31,943 - INFO - Ýþlenen URL (112/343): https://blog.sarar.com/uraz-kivaner/
2024-11-13 09:36:32,310 - INFO - Ýþlenen URL (113/343): https://blog.sarar.com/yay-burclarina-seyahat-rotasi-onerileri/
2024-11-13 09:36:34,246 - INFO - Ýþlenen URL (114/343): https://blog.sarar.com/john-wickin-takim-elbiselerindeki-sik-ve-onemli-detaylar/
2024-11-13 09:36:34,405 - INFO - Ýþlenen URL (115/343): https://blog.sarar.com/sarar-2022-ilkbahar-yaz-koleksiyonu/
2024-11-13 09:36:34,823 - INFO - Ýþlenen URL (116/343): https://blog.sarar.com/icinizi-isitacak-kis-filmleri/
2024-11-13 09:36:36,894 - INFO - Ýþlenen URL (117/343): https://blog.sarar.com/michelin-yildizli-mekanlarda-yemek-kulturune-yolculuk/
2024-11-13 09:36:36,981 - INFO - Ýþlenen URL (118/343): https://blog.sarar.com/sehre-donus-stili/
2024-11-13 09:36:37,327 - INFO - Ýþlenen URL (119/343): https://blog.sarar.com/ozan-musluoglunun-sarar-favorileri/
2024-11-13 09:36:39,489 - INFO - Ýþlenen URL (120/343): https://blog.sarar.com/anthony-wonsey/
2024-11-13 09:36:39,773 - INFO - Ýþlenen URL (121/343): https://blog.sarar.com/bulut-gulenin-sarar-favorileri/
2024-11-13 09:36:40,023 - INFO - Ýþlenen URL (122/343): https://blog.sarar.com/jeremy-pelt/
2024-11-13 09:36:42,005 - INFO - Ýþlenen URL (123/343): https://blog.sarar.com/masa-ortusu-secerken-nelere-dikkat-edilmeli/
2024-11-13 09:36:42,330 - INFO - Ýþlenen URL (124/343): https://blog.sarar.com/uygun-pantolon-kesiminizi-bulun/
2024-11-13 09:36:43,237 - INFO - Ýþlenen URL (125/343): https://blog.sarar.com/dogru-takim-elbise-temizligi/
2024-11-13 09:36:44,482 - INFO - Ýþlenen URL (126/343): https://blog.sarar.com/canta-esarp-kullanim-kilavuzu/
2024-11-13 09:36:44,864 - INFO - Ýþlenen URL (127/343): https://blog.sarar.com/sararla-gezi-rehberi-sanliurfa-mardin/
2024-11-13 09:36:45,777 - INFO - Ýþlenen URL (128/343): https://blog.sarar.com/ilk-ilham-kaynaginiz-annenize-alabileceginiz-9-ozel-hediye-fikri/
2024-11-13 09:36:47,168 - INFO - Ýþlenen URL (129/343): https://blog.sarar.com/akrep-burcu-kadinina-ne-hediye-alinir/
2024-11-13 09:36:47,519 - INFO - Ýþlenen URL (130/343): https://blog.sarar.com/2022-yilinin-esarp-modasi-ve-renkleri/
2024-11-13 09:36:48,252 - INFO - Ýþlenen URL (131/343): https://blog.sarar.com/basak-burcu-kadinina-ne-hediye-alinir/
2024-11-13 09:36:49,640 - INFO - Ýþlenen URL (132/343): https://blog.sarar.com/yengec-burcu-kadinina-ne-hediye-alinir/
2024-11-13 09:36:50,131 - INFO - Ýþlenen URL (133/343): https://blog.sarar.com/kis-modasinin-trendleri-flanel-takim-ve-gomlekler/
2024-11-13 09:36:50,730 - INFO - Ýþlenen URL (134/343): https://blog.sarar.com/kisin-kamp-yapilabilecek-en-guzel-10-destinasyon/
2024-11-13 09:36:54,942 - INFO - Ýþlenen URL (135/343): https://blog.sarar.com/sarev-innova-white-koleksiyonu-2/
2024-11-13 09:36:55,115 - INFO - Ýþlenen URL (136/343): https://blog.sarar.com/jean-pantolon-bakimi-nasil-yapilir/
2024-11-13 09:36:55,256 - INFO - Ýþlenen URL (137/343): https://blog.sarar.com/sonbahara-yakisacak-nevresim-takimi-renkleri/
2024-11-13 09:37:01,520 - INFO - Ýþlenen URL (138/343): https://blog.sarar.com/sararla-gezi-rehberi-kapadokya/
2024-11-13 09:37:02,880 - INFO - Ýþlenen URL (139/343): https://blog.sarar.com/robin-yayla/
2024-11-13 09:37:04,040 - INFO - Ýþlenen URL (140/343): https://blog.sarar.com/unlu-turk-ressamlari-ve-eserleri/
2024-11-13 09:37:05,402 - INFO - Ýþlenen URL (141/343): https://blog.sarar.com/havlularin-yumusakligini-korumanin-puf-noktalari/
2024-11-13 09:37:06,520 - INFO - Ýþlenen URL (142/343): https://blog.sarar.com/sararla-gezi-rehberi-vizesiz-gidilen-ulkeler/
2024-11-13 09:37:07,148 - INFO - Ýþlenen URL (143/343): https://blog.sarar.com/80-yillik-miras-ve-kadinlarin-rolu/
2024-11-13 09:37:07,948 - INFO - Ýþlenen URL (144/343): https://blog.sarar.com/ferit-odmanin-sarar-favorileri/
2024-11-13 09:37:09,566 - INFO - Ýþlenen URL (145/343): https://blog.sarar.com/20li-yaslarda-giyinmenin-altin-kurali/
2024-11-13 09:37:09,886 - INFO - Ýþlenen URL (146/343): https://blog.sarar.com/vegan-ipegin-dogal-zarafeti-cupro-ile-cevre-dostu-moda/
2024-11-13 09:37:10,707 - INFO - Ýþlenen URL (147/343): https://blog.sarar.com/cantalarin-omrunu-uzatan-yontemler/
2024-11-13 09:37:12,044 - INFO - Ýþlenen URL (148/343): https://blog.sarar.com/zamansiz-stil-classiccore/
2024-11-13 09:37:12,477 - INFO - Ýþlenen URL (149/343): https://blog.sarar.com/sararla-gezi-rehberi-istanbuldaki-en-iyi-kahvalti-mekanlari/
2024-11-13 09:37:13,334 - INFO - Ýþlenen URL (150/343): https://blog.sarar.com/mevsim-gecislerinin-vazgecilmez-parcasi-deri-ceketler/
2024-11-13 09:37:14,569 - INFO - Ýþlenen URL (151/343): https://blog.sarar.com/yorganlariniz-kis-mevsimine-hazir-mi/
2024-11-13 09:37:15,320 - INFO - Ýþlenen URL (152/343): https://blog.sarar.com/doga-huriye-ozkaya-ile-ramazan-sofralari/
2024-11-13 09:37:15,997 - INFO - Ýþlenen URL (153/343): https://blog.sarar.com/emily-bluntin-zarif-stil-sirlari-kirmizi-halidan-gunluk-kombinlere/
2024-11-13 09:37:18,264 - INFO - Ýþlenen URL (154/343): https://blog.sarar.com/ipek-yorganlarin-ozellikleri-nelerdir-ve-nasil-temizlenir/
2024-11-13 09:37:19,798 - INFO - Ýþlenen URL (155/343): https://blog.sarar.com/kucuk-evler-icin-akilli-depolama-ve-alan-kullanimi-fikirleri/
2024-11-13 09:37:20,056 - INFO - Ýþlenen URL (156/343): https://blog.sarar.com/poplin-kumas-nedir/
2024-11-13 09:37:20,959 - INFO - Ýþlenen URL (157/343): https://blog.sarar.com/nevresim-takimi-olculeri-ve-kumaslari-nelerdir/
2024-11-13 09:37:22,373 - INFO - Ýþlenen URL (158/343): https://blog.sarar.com/2023-nevresim-takimi-model-ve-desen-trendleri/
2024-11-13 09:37:22,530 - INFO - Ýþlenen URL (159/343): https://blog.sarar.com/kruvaze-ceket-nasil-kombinlenir/
2024-11-13 09:37:23,467 - INFO - Ýþlenen URL (160/343): https://blog.sarar.com/the-philadelphia-storynin-eksantrik-kadini-tracy-lordun-stili/
2024-11-13 09:37:24,903 - INFO - Ýþlenen URL (161/343): https://blog.sarar.com/lady-diana-moda-dunyasinda-zamansiz-bir-ikon/
2024-11-13 09:37:25,286 - INFO - Ýþlenen URL (162/343): https://blog.sarar.com/renklerle-stil-rehberi-seftali-ve-somon-tonlari/
2024-11-13 09:37:25,926 - INFO - Ýþlenen URL (163/343): https://blog.sarar.com/tiffanyde-kahvaltinin-renkli-simasi-holly-golightlynin-stili/
2024-11-13 09:37:27,644 - INFO - Ýþlenen URL (164/343): https://blog.sarar.com/ipek-senoglunun-sarar-favorileri/
2024-11-13 09:37:28,706 - INFO - Ýþlenen URL (165/343): https://blog.sarar.com/80lerin-en-sik-finanscisi-gordon-gekkonun-stili/
2024-11-13 09:37:28,950 - INFO - Ýþlenen URL (166/343): https://blog.sarar.com/dolabinizda-mutlaka-bulunmasi-gereken-3-ceket-modeli/
2024-11-13 09:37:31,926 - INFO - Ýþlenen URL (167/343): https://blog.sarar.com/sectiginiz-renkler-sizi-anlatiyor/
2024-11-13 09:37:31,987 - INFO - Ýþlenen URL (168/343): https://blog.sarar.com/babalar-gunu-hediye-onerileri/
2024-11-13 09:37:32,437 - INFO - Ýþlenen URL (169/343): https://blog.sarar.com/alper-levinin-sarar-favorileri/
2024-11-13 09:37:35,133 - INFO - Ýþlenen URL (170/343): https://blog.sarar.com/yastiklarda-sararmalar-nasil-beyazlatilir-leke-cikarma-yontemleri/
2024-11-13 09:37:35,195 - INFO - Ýþlenen URL (171/343): https://blog.sarar.com/yatak-odanizi-alerjiden-nasil-arindirirsiniz/
2024-11-13 09:37:35,327 - INFO - Ýþlenen URL (172/343): https://blog.sarar.com/hafta-sonuna-kumas-pantolon-nasil-kombinlenir/
2024-11-13 09:37:37,816 - INFO - Ýþlenen URL (173/343): https://blog.sarar.com/evinizi-degistirecek-kucuk-dokunuslar-oda-kokulariyla-yenilenin/
2024-11-13 09:37:37,981 - INFO - Ýþlenen URL (174/343): https://blog.sarar.com/kaliteli-uyku-icin-pike-ve-nevresim-secimi/
2024-11-13 09:37:37,981 - INFO - Ýþlenen URL (175/343): https://blog.sarar.com/sik-sal-baglama-onerileri/
2024-11-13 09:37:40,302 - INFO - Ýþlenen URL (176/343): https://blog.sarar.com/uyku-sagliginizi-artiracak-oneriler/
2024-11-13 09:37:40,545 - INFO - Ýþlenen URL (177/343): https://blog.sarar.com/yengec-burclarina-etkinlik-stil-onerileri/
2024-11-13 09:37:40,545 - INFO - Ýþlenen URL (178/343): https://blog.sarar.com/bitkilerle-ev-dekorasyonu-evinize-dogayi-tasiyin/
2024-11-13 09:37:42,809 - INFO - Ýþlenen URL (179/343): https://blog.sarar.com/tatile-giderken-valiz-hazirlama-rehberi/
2024-11-13 09:37:43,176 - INFO - Ýþlenen URL (180/343): https://blog.sarar.com/sarev-urunleri-ile-sofra-sikligi/
2024-11-13 09:37:43,185 - INFO - Ýþlenen URL (181/343): https://blog.sarar.com/bornoz-bakimi-uzun-omurlu-kullanimin-sirlari/
2024-11-13 09:37:45,309 - INFO - Ýþlenen URL (182/343): https://blog.sarar.com/surdurulebilir-moda-nedir-ve-neden-onemlidir/
2024-11-13 09:37:45,769 - INFO - Ýþlenen URL (183/343): https://blog.sarar.com/mevsimlik-gardirop-temizligi-ve-duzenleme-ipuclari/
2024-11-13 09:37:45,785 - INFO - Ýþlenen URL (184/343): https://blog.sarar.com/kislik-yorgan-ve-yastik-seciminde-dikkat-edilmesi-gerekenler/
2024-11-13 09:37:47,826 - INFO - Ýþlenen URL (185/343): https://blog.sarar.com/plaj-havlusu-ve-pestemal-2024-yaz-sezonunun-vazgecilmezleri/
2024-11-13 09:37:48,471 - INFO - Ýþlenen URL (186/343): https://blog.sarar.com/cemil-topuzlu-sarev-siradisi-bir-deneyim/
2024-11-13 09:37:48,471 - INFO - Ýþlenen URL (187/343): https://blog.sarar.com/izmir-ve-bodrumdaki-yeni-michelin-lezzetleri/
2024-11-13 09:37:50,351 - INFO - Ýþlenen URL (188/343): https://blog.sarar.com/aslan-burclarina-etkinlik-stil-onerileri/
2024-11-13 09:37:50,948 - INFO - Ýþlenen URL (189/343): https://blog.sarar.com/sarar-baba-markasi-olmaktan-cikiyor/
2024-11-13 09:37:51,006 - INFO - Ýþlenen URL (190/343): https://blog.sarar.com/tekstil-terimleri-3/
2024-11-13 09:37:52,884 - INFO - Ýþlenen URL (191/343): https://blog.sarar.com/new-york-modasi-ve-sanat-dunyasi/
2024-11-13 09:37:53,442 - INFO - Ýþlenen URL (192/343): https://blog.sarar.com/deri-ceket-temizligi-nasil-yapilir/
2024-11-13 09:37:53,515 - INFO - Ýþlenen URL (193/343): https://blog.sarar.com/zamansiz-siklik-preppy-stil-nedir/
2024-11-13 09:37:55,375 - INFO - Ýþlenen URL (194/343): https://blog.sarar.com/parizyen-stil-nedir-ve-nasil-uygulanir/
2024-11-13 09:37:56,071 - INFO - Ýþlenen URL (195/343): https://blog.sarar.com/evde-denge-ve-huzur-icin-zen-dekorasyonu-ipuclari/
2024-11-13 09:37:56,079 - INFO - Ýþlenen URL (196/343): https://blog.sarar.com/kusursuz-dugun-tarzi-kadin-takim-elbiseleri/
2024-11-13 09:37:57,876 - INFO - Ýþlenen URL (197/343): https://blog.sarar.com/interview-polo-yaka-tisortlerle-5-kombin-onerisi/
2024-11-13 09:37:58,631 - INFO - Ýþlenen URL (198/343): https://blog.sarar.com/banyo-dekorasyonunda-yaz-renkleri-ferah-ve-canli-bir-banyo-icin-ipuclari/
2024-11-13 09:37:58,690 - INFO - Ýþlenen URL (199/343): https://blog.sarar.com/mevsimlere-gore-pijama-secimi-nasil-yapilir/
2024-11-13 09:38:01,100 - INFO - Ýþlenen URL (200/343): https://blog.sarar.com/sarev-boss-home-evinize-luks-dokunus/
2024-11-13 09:38:01,209 - INFO - Ýþlenen URL (201/343): https://blog.sarar.com/sarev-kenzo-home-luks-ve-sanatin-bulusmasi/
2024-11-13 09:38:01,426 - INFO - Ýþlenen URL (202/343): https://blog.sarar.com/keten-kumas-dogal-ve-nefes-alabilir-moda-secenegi/
2024-11-13 09:38:03,540 - INFO - Ýþlenen URL (203/343): https://blog.sarar.com/sarev-lacoste-home-dinamik-yasam-alanlari/
2024-11-13 09:38:03,689 - INFO - Ýþlenen URL (204/343): https://blog.sarar.com/sarev-olivier-desforges-sikligin-zirvesi/
2024-11-13 09:38:03,957 - INFO - Ýþlenen URL (205/343): https://blog.sarar.com/mayis-ayinin-stil-ilhami/
2024-11-13 09:38:09,548 - INFO - Ýþlenen URL (206/343): https://blog.sarar.com/bebek-pike-ve-nevresim-takimlari-nasil-yikanir/
2024-11-13 09:38:09,790 - INFO - Ýþlenen URL (207/343): https://blog.sarar.com/ekim-ayi-stil-ilhami/
2024-11-13 09:38:10,396 - INFO - Ýþlenen URL (208/343): https://blog.sarar.com/ekim-ayinin-stil-ilhami/
2024-11-13 09:38:12,062 - INFO - Ýþlenen URL (209/343): https://blog.sarar.com/sararla-yilbasi-pazari-onerileri/
2024-11-13 09:38:12,264 - INFO - Ýþlenen URL (210/343): https://blog.sarar.com/yilbasi-etkinlikleri-icin-5-rota-onerisi/
2024-11-13 09:38:12,888 - INFO - Ýþlenen URL (211/343): https://blog.sarar.com/ceket-dugmesi-nasil-iliklenir/
2024-11-13 09:38:14,703 - INFO - Ýþlenen URL (212/343): https://blog.sarar.com/acik-renk-gomleklerde-ter-izini-yok-etme/
2024-11-13 09:38:14,820 - INFO - Ýþlenen URL (213/343): https://blog.sarar.com/ev-modasinda-trendler/
2024-11-13 09:38:15,536 - INFO - Ýþlenen URL (214/343): https://blog.sarar.com/ev-sikligini-tamamlayan-destekleyici-parcalar/
2024-11-13 09:38:17,212 - INFO - Ýþlenen URL (215/343): https://blog.sarar.com/sicak-havalarda-terlemeye-karsi-hangi-kumaslar-tercih-edilmeli/
2024-11-13 09:38:17,819 - INFO - Ýþlenen URL (216/343): https://blog.sarar.com/yazlik-pike-secerken-dikkat-edilmesi-gerekenler/
2024-11-13 09:38:18,168 - INFO - Ýþlenen URL (217/343): https://blog.sarar.com/terazi-burclarina-etkinlik-stil-onerileri/
2024-11-13 09:38:19,687 - INFO - Ýþlenen URL (218/343): https://blog.sarar.com/flanel-kumas-hangi-mevsimlerde-daha-cok-tercih-edilir/
2024-11-13 09:38:20,618 - INFO - Ýþlenen URL (219/343): https://blog.sarar.com/monokrom-detaylara-renk-katmak/
2024-11-13 09:38:20,675 - INFO - Ýþlenen URL (220/343): https://blog.sarar.com/yasam-alanlarinda-koku-kullanimi-ve-etkileri/
2024-11-13 09:38:22,271 - INFO - Ýþlenen URL (221/343): https://blog.sarar.com/dogal-kumaslar-neden-sagliklidir/
2024-11-13 09:38:23,012 - INFO - Ýþlenen URL (222/343): https://blog.sarar.com/havlu-kalitesi-su-emiciligini-nasil-etkiler/
2024-11-13 09:38:23,213 - INFO - Ýþlenen URL (223/343): https://blog.sarar.com/kahve-tutkunlari-istanbulda-bulusuyor-istanbul-coffee-festival/
2024-11-13 09:38:24,826 - INFO - Ýþlenen URL (224/343): https://blog.sarar.com/sarar-icgoruleri-kravat-nasil-secilir/
2024-11-13 09:38:25,440 - INFO - Ýþlenen URL (225/343): https://blog.sarar.com/doga-huriye-ozkayanin-sarar-favorileri/
2024-11-13 09:38:25,757 - INFO - Ýþlenen URL (226/343): https://blog.sarar.com/sarev-sumer-koleksiyonu/
2024-11-13 09:38:27,267 - INFO - Ýþlenen URL (227/343): https://blog.sarar.com/throwlarda-tuylenme-sorununu-ortadan-kaldiran-ipuclari/
2024-11-13 09:38:27,938 - INFO - Ýþlenen URL (228/343): https://blog.sarar.com/pike-nedir-neden-pike-kullanmaliyiz/
2024-11-13 09:38:28,482 - INFO - Ýþlenen URL (229/343): https://blog.sarar.com/sevgililer-gununu-evde-planlamak-isteyen-ciftler-icin-aktivite-onerileri/
2024-11-13 09:38:29,727 - INFO - Ýþlenen URL (230/343): https://blog.sarar.com/tekstil-terimleri/
2024-11-13 09:38:30,549 - INFO - Ýþlenen URL (231/343): https://blog.sarar.com/koc-burcu-kadinina-ne-hediye-alinir/
2024-11-13 09:38:31,068 - INFO - Ýþlenen URL (232/343): https://blog.sarar.com/aslan-burcu-erkegine-ne-hediye-alinir/
2024-11-13 09:38:32,520 - INFO - Ýþlenen URL (233/343): https://blog.sarar.com/ozgur-ve-guclu-kadin-annie-hallun-bagimsiz-stili/
2024-11-13 09:38:33,061 - INFO - Ýþlenen URL (234/343): https://blog.sarar.com/ilkbahar-ve-yaz-davet-stili/
2024-11-13 09:38:33,540 - INFO - Ýþlenen URL (235/343): https://blog.sarar.com/damatlar-icin-adan-zye-takim-elbise-ve-smokin-rehberi/
2024-11-13 09:38:35,212 - INFO - Ýþlenen URL (236/343): https://blog.sarar.com/2023-damatlik-ve-takim-elbise-trendleri/
2024-11-13 09:38:35,653 - INFO - Ýþlenen URL (237/343): https://blog.sarar.com/gomlek-ve-takim-elbiseye-gore-kravat-secimi-nasil-olmalidir/
2024-11-13 09:38:36,125 - INFO - Ýþlenen URL (238/343): https://blog.sarar.com/gamboc-nedir/
2024-11-13 09:38:38,115 - INFO - Ýþlenen URL (239/343): https://blog.sarar.com/nisan-ayinin-stil-ilhami/
2024-11-13 09:38:38,599 - INFO - Ýþlenen URL (240/343): https://blog.sarar.com/renklerle-stil-rehberi-kahverengi/
2024-11-13 09:38:39,025 - INFO - Ýþlenen URL (241/343): https://blog.sarar.com/hugh-jackmandan-ilham-alan-stil-ipuclari/
2024-11-13 09:38:40,606 - INFO - Ýþlenen URL (242/343): https://blog.sarar.com/takim-elbise-ve-cekette-drop-kesim-nedir/
2024-11-13 09:38:41,032 - INFO - Ýþlenen URL (243/343): https://blog.sarar.com/kova-burcu-erkegine-ne-hediye-alinir/
2024-11-13 09:38:41,507 - INFO - Ýþlenen URL (244/343): https://blog.sarar.com/kapsul-dolap-nedir-ve-nasil-olusturulur/
2024-11-13 09:38:43,117 - INFO - Ýþlenen URL (245/343): https://blog.sarar.com/kadinlar-icin-smokin-giyim-rehberi/
2024-11-13 09:38:43,618 - INFO - Ýþlenen URL (246/343): https://blog.sarar.com/koc-burcu-erkegine-ne-hediye-alinir/
2024-11-13 09:38:44,027 - INFO - Ýþlenen URL (247/343): https://blog.sarar.com/boga-burclarina-etkinlik-stil-onerileri/
2024-11-13 09:38:45,681 - INFO - Ýþlenen URL (248/343): https://blog.sarar.com/seyahat-ederken-takim-elbise-nasil-tasinir/
2024-11-13 09:38:46,255 - INFO - Ýþlenen URL (249/343): https://blog.sarar.com/kir-dugunu-icin-damatlik-smokin-ve-takim-elbise-onerisi/
2024-11-13 09:38:46,570 - INFO - Ýþlenen URL (250/343): https://blog.sarar.com/stiletto-nedir/
2024-11-13 09:38:48,152 - INFO - Ýþlenen URL (251/343): https://blog.sarar.com/aralik-ayi-stil-ilhami/
2024-11-13 09:38:48,736 - INFO - Ýþlenen URL (252/343): https://blog.sarar.com/ilkbahar-yaz-mevsimleri-icin-gomlek-modelleri-ve-kombinleri/
2024-11-13 09:38:49,086 - INFO - Ýþlenen URL (253/343): https://blog.sarar.com/cagdas-sanatin-kalbi-istanbulda-atacak-contemporary-istanbul/
2024-11-13 09:38:50,747 - INFO - Ýþlenen URL (254/343): https://blog.sarar.com/modasi-gecmeyen-trend-sonbahar-renkleri/
2024-11-13 09:38:51,202 - INFO - Ýþlenen URL (255/343): https://blog.sarar.com/sartoria-ozel-dikim-kiyafetlerle-zarafete-ulasin/
2024-11-13 09:38:51,657 - INFO - Ýþlenen URL (256/343): https://blog.sarar.com/kis-icin-etek-ve-elbise-gorunumleri/
2024-11-13 09:38:53,354 - INFO - Ýþlenen URL (257/343): https://blog.sarar.com/dogru-takim-elbise-nasil-secilir-puf-noktalari-nelerdir/
2024-11-13 09:38:54,761 - INFO - Ýþlenen URL (258/343): https://blog.sarar.com/eylul-ayi-stil-ilhami/
2024-11-13 09:38:55,427 - INFO - Ýþlenen URL (259/343): https://blog.sarar.com/yaz-aylarinda-keten-gomleklerle-ferah-kombinler/
2024-11-13 09:38:56,305 - INFO - Ýþlenen URL (260/343): https://blog.sarar.com/balikci-yaka-kazaklar-nasil-kombinlenir-8-ipucu/
2024-11-13 09:38:57,183 - INFO - Ýþlenen URL (261/343): https://blog.sarar.com/en-trend-erkek-trenckot-kombinleri/
2024-11-13 09:38:57,975 - INFO - Ýþlenen URL (262/343): https://blog.sarar.com/kisin-hangi-renkler-nasil-kombinlenir/
2024-11-13 09:38:58,795 - INFO - Ýþlenen URL (263/343): https://blog.sarar.com/sarar-kadin-activewear/
2024-11-13 09:38:59,721 - INFO - Ýþlenen URL (264/343): https://blog.sarar.com/yeni-sezonun-moda-trendleri-ilkbahar-yaz/
2024-11-13 09:39:00,508 - INFO - Ýþlenen URL (265/343): https://blog.sarar.com/yelekli-takim-elbise-modelleri-ile-stil-ipuclari/
2024-11-13 09:39:01,408 - INFO - Ýþlenen URL (266/343): https://blog.sarar.com/vizon-rengi-ile-zarif-ve-carpici-kombinler-nasil-olusturulur/
2024-11-13 09:39:02,336 - INFO - Ýþlenen URL (267/343): https://blog.sarar.com/sarar-sartoria/
2024-11-13 09:39:02,955 - INFO - Ýþlenen URL (268/343): https://blog.sarar.com/basak-burclarina-etkinlik-stil-onerileri/
2024-11-13 09:39:03,984 - INFO - Ýþlenen URL (269/343): https://blog.sarar.com/2022-kis-erkek-kombin-onerileri/
2024-11-13 09:39:04,845 - INFO - Ýþlenen URL (270/343): https://blog.sarar.com/2022-yilinin-damatlik-modelleri-ve-trendleri-nelerdir/
2024-11-13 09:39:05,420 - INFO - Ýþlenen URL (271/343): https://blog.sarar.com/2023-2024-sonbahar-kis-modasi/
2024-11-13 09:39:06,422 - INFO - Ýþlenen URL (272/343): https://blog.sarar.com/6-adimda-sehrin-kosturmasi-icinde-sik-olmak/
2024-11-13 09:39:07,330 - INFO - Ýþlenen URL (273/343): https://blog.sarar.com/agustos-ayinin-stil-ilhami/
2024-11-13 09:39:07,906 - INFO - Ýþlenen URL (274/343): https://blog.sarar.com/blazer-ceketler-nasil-kombinlenir/
2024-11-13 09:39:08,910 - INFO - Ýþlenen URL (275/343): https://blog.sarar.com/chris-hemsworth-stili/
2024-11-13 09:39:09,940 - INFO - Ýþlenen URL (276/343): https://blog.sarar.com/damatlik-seciminde-iki-ikon-smokin-ve-takim-elbise-farklari/
2024-11-13 09:39:10,486 - INFO - Ýþlenen URL (277/343): https://blog.sarar.com/dress-code-nedir/
2024-11-13 09:39:11,524 - INFO - Ýþlenen URL (278/343): https://blog.sarar.com/damatlik-secimi-rehberi/
2024-11-13 09:39:12,689 - INFO - Ýþlenen URL (279/343): https://blog.sarar.com/damatlik-mendili-ve-damatlik-kusagi-ile-sik-damatlar/
2024-11-13 09:39:13,249 - INFO - Ýþlenen URL (280/343): https://blog.sarar.com/damat-olmaya-hazirlananlar-icin-sarar-secimleri/
2024-11-13 09:39:14,395 - INFO - Ýþlenen URL (281/343): https://blog.sarar.com/cumhuriyetten-gunumuze-turk-insaninin-moda-seruveni/
2024-11-13 09:39:17,287 - INFO - Ýþlenen URL (282/343): https://blog.sarar.com/cizgili-takim-elbise-trendleri-ve-stil-ipuclari/
2024-11-13 09:39:17,764 - INFO - Ýþlenen URL (283/343): https://blog.sarar.com/frank-sinatranin-siklik-ve-zarafeti-birlestiren-stili/
2024-11-13 09:39:18,184 - INFO - Ýþlenen URL (284/343): https://blog.sarar.com/erkek-modasinin-vazgecilmez-aksesuarlari/
2024-11-13 09:39:19,896 - INFO - Ýþlenen URL (285/343): https://blog.sarar.com/kova-burclarina-etkinlik-stili-onerileri/
2024-11-13 09:39:20,386 - INFO - Ýþlenen URL (286/343): https://blog.sarar.com/keten-gomlek-modelleri-ile-ofis-giyimi-olusturun/
2024-11-13 09:39:20,720 - INFO - Ýþlenen URL (287/343): https://blog.sarar.com/kareli-takim-elbise-giyim-ipuclari/
2024-11-13 09:39:22,388 - INFO - Ýþlenen URL (288/343): https://blog.sarar.com/ikizler-burclarina-etkinlik-stili-onerileri/
2024-11-13 09:39:22,871 - INFO - Ýþlenen URL (289/343): https://blog.sarar.com/kravat-ignesi-nasil-takilir-ve-ne-ise-yarar/
2024-11-13 09:39:23,276 - INFO - Ýþlenen URL (290/343): https://blog.sarar.com/koc-burclarina-etkinlik-stili-onerileri/
2024-11-13 09:39:24,902 - INFO - Ýþlenen URL (291/343): https://blog.sarar.com/kol-dugmesi-nasil-secilir-ve-nasil-takilir/
2024-11-13 09:39:25,673 - INFO - Ýþlenen URL (292/343): https://blog.sarar.com/flanel-nevresim-takimlarinizi-ilk-gunku-gibi-muhafaza-edin/
2024-11-13 09:39:25,813 - INFO - Ýþlenen URL (293/343): https://blog.sarar.com/sarev-innova-white-koleksiyonu/
2024-11-13 09:39:28,431 - INFO - Ýþlenen URL (294/343): https://blog.sarar.com/yilbasi-hediye-rehberi-2022/
2024-11-13 09:39:28,586 - INFO - Ýþlenen URL (295/343): https://blog.sarar.com/tony-montananin-beyaz-takim-elbisesi/
2024-11-13 09:39:28,586 - INFO - Ýþlenen URL (296/343): https://blog.sarar.com/yasiniza-ve-beden-olculerinize-gore-aksesuar-kullanimi/
2024-11-13 09:39:31,532 - INFO - Ýþlenen URL (297/343): https://blog.sarar.com/sunum-yaparken-nasil-ve-hangi-renk-giyilmelidir/
2024-11-13 09:39:31,689 - INFO - Ýþlenen URL (298/343): https://blog.sarar.com/tonsurton-giyim-nedir/
2024-11-13 09:39:31,779 - INFO - Ýþlenen URL (299/343): https://blog.sarar.com/stil-sahibi-ciftler-icin-davetlerde-uyumlu-gorunmenin-ipuclari/
2024-11-13 09:39:34,252 - INFO - Ýþlenen URL (300/343): https://blog.sarar.com/stil-sahibi-babalar-icin-ozel-babalar-gunu-hediyeleri/
2024-11-13 09:39:34,360 - INFO - Ýþlenen URL (301/343): https://blog.sarar.com/sonbahar-sikligi-trenckot-ve-yagmurluk/
2024-11-13 09:39:34,394 - INFO - Ýþlenen URL (302/343): https://blog.sarar.com/sneaker-ile-cok-sik-olmanin-6-puf-noktasi/
2024-11-13 09:39:36,777 - INFO - Ýþlenen URL (303/343): https://blog.sarar.com/smokin-yakasi-cesitleri-nelerdir-ve-nasil-secilir/
2024-11-13 09:39:36,902 - INFO - Ýþlenen URL (304/343): https://blog.sarar.com/sarardan-stil-sahibi-erkeklere-canta-tavsiyeleri/
2024-11-13 09:39:37,240 - INFO - Ýþlenen URL (305/343): https://blog.sarar.com/papyon-nasil-takilir/
2024-11-13 09:39:39,623 - INFO - Ýþlenen URL (306/343): https://blog.sarar.com/oglak-burclarina-etkinlik-stili-onerileri/
2024-11-13 09:39:39,866 - INFO - Ýþlenen URL (307/343): https://blog.sarar.com/mendilin-dili-nedir-mendil-nasil-kullanilmalidir/
2024-11-13 09:39:40,178 - INFO - Ýþlenen URL (308/343): https://blog.sarar.com/kravat-takmadan-takim-elbise-giyilebilir-mi/
2024-11-13 09:39:42,100 - INFO - Ýþlenen URL (309/343): https://blog.sarar.com/dugun-davetlerinde-en-sik-olmak-icin-dogru-secimler/
2024-11-13 09:39:42,462 - INFO - Ýþlenen URL (310/343): https://blog.sarar.com/klasik-ve-cool-tarzin-ikonu-ryan-gosling/
2024-11-13 09:39:43,154 - INFO - Ýþlenen URL (311/343): https://blog.sarar.com/james-bond-filmlerindeki-en-iyi-takim-elbise-modelleri/
2024-11-13 09:39:44,613 - INFO - Ýþlenen URL (312/343): https://blog.sarar.com/balik-burcu-erkegine-ne-hediye-alinir/
2024-11-13 09:39:44,961 - INFO - Ýþlenen URL (313/343): https://blog.sarar.com/cizimleri-ilk-defa-kiyafetlerde-can-buldu/
2024-11-13 09:39:45,650 - INFO - Ýþlenen URL (314/343): https://blog.sarar.com/mustafa-kemal-ataturkun-cagdas-ve-klasik-giyim-stili/
2024-11-13 09:39:47,135 - INFO - Ýþlenen URL (315/343): https://blog.sarar.com/28-istanbul-tiyatro-festivali-2024-basliyor/
2024-11-13 09:39:47,523 - INFO - Ýþlenen URL (316/343): https://blog.sarar.com/sarev-ile-yasam-alanlarinizi-yeniden-tanimlayin/
2024-11-13 09:39:48,342 - INFO - Ýþlenen URL (317/343): https://blog.sarar.com/marine-plaj-grubu-urunleri/
2024-11-13 09:39:49,761 - INFO - Ýþlenen URL (318/343): https://blog.sarar.com/mont-ve-kaban-cesitleri-nelerdir/
2024-11-13 09:39:50,641 - INFO - Ýþlenen URL (319/343): https://blog.sarar.com/anneler-gunu-hediye-onerileri/
2024-11-13 09:39:51,912 - INFO - Ýþlenen URL (320/343): https://blog.sarar.com/sevgililer-gunu-hediye-rehberi-2023/
2024-11-13 09:39:52,790 - INFO - Ýþlenen URL (321/343): https://blog.sarar.com/temmuz-ayinin-stil-ilhami/
2024-11-13 09:39:53,669 - INFO - Ýþlenen URL (322/343): https://blog.sarar.com/dogal-yollarla-evde-leke-cikarma-yontemleri/
2024-11-13 09:39:54,678 - INFO - Ýþlenen URL (323/343): https://blog.sarar.com/eylul-ayinin-stil-ilhami/
2024-11-13 09:39:58,744 - INFO - Ýþlenen URL (324/343): https://blog.sarar.com/sonbahar-kis-old-money-kombinleri/
2024-11-13 09:39:58,744 - INFO - Ýþlenen URL (325/343): https://blog.sarar.com/oppenheimer-stil-ilhami/
2024-11-13 09:39:59,115 - INFO - Ýþlenen URL (326/343): https://blog.sarar.com/cilt-tonunuza-gore-kiyafet-secimi-nasil-yapabilirsiniz/
2024-11-13 09:40:03,485 - INFO - Ýþlenen URL (327/343): https://blog.sarar.com/sevgililer-gununde-onu-simartmanin-6-yolu/
2024-11-13 09:40:03,869 - INFO - Ýþlenen URL (328/343): https://blog.sarar.com/yilbasi-hediye-rehberi-2024/
2024-11-13 09:40:03,991 - INFO - Ýþlenen URL (329/343): https://blog.sarar.com/sarev-banyo-ve-plaj-havlu-modelleri/
2024-11-13 09:40:07,064 - INFO - Ýþlenen URL (330/343): https://blog.sarar.com/kasim-ayinin-stil-ilhami/
2024-11-13 09:40:09,878 - INFO - Ýþlenen URL (331/343): https://blog.sarar.com/mart-ayinin-stil-ilhami/
2024-11-13 09:40:09,878 - INFO - Ýþlenen URL (332/343): https://blog.sarar.com/ocak-ayinin-stil-ilhami/
2024-11-13 09:40:12,934 - INFO - Ýþlenen URL (333/343): https://blog.sarar.com/yilbasi-hediye-rehberi-2023/
2024-11-13 09:40:13,083 - INFO - Ýþlenen URL (334/343): https://blog.sarar.com/haziran-ayinin-stil-ilhami/
2024-11-13 09:40:13,260 - INFO - Ýþlenen URL (335/343): https://blog.sarar.com/yilbasi-daveti-stili/
2024-11-13 09:40:19,989 - INFO - Ýþlenen URL (336/343): https://blog.sarar.com/robin-yayla-x-sarar-sanat-ve-modanin-birlestigi-essiz-koleksiyon/
2024-11-13 09:40:20,079 - INFO - Ýþlenen URL (337/343): https://blog.sarar.com/tuylenen-kazak-kabanlar-nasil-temizlenir/
2024-11-13 09:40:20,555 - INFO - Ýþlenen URL (338/343): https://blog.sarar.com/aralik-ayinin-stil-ilhami/
2024-11-13 09:40:24,156 - INFO - Ýþlenen URL (339/343): https://blog.sarar.com/subat-ayi-stil-ilhami/
2024-11-13 09:40:24,406 - INFO - Ýþlenen URL (340/343): https://blog.sarar.com/limited-edition-serisi/
2024-11-13 09:40:25,916 - INFO - Ýþlenen URL (341/343): https://blog.sarar.com/balik-burclarina-etkinlik-stili-onerileri/
2024-11-13 09:40:27,126 - INFO - Ýþlenen URL (342/343): https://blog.sarar.com/the-holidayin-ikonik-karakteri-iris-simpkins/
2024-11-13 09:40:28,748 - INFO - Ýþlenen URL (343/343): https://blog.sarar.com/akrep-burclarina-etkinlik-stil-onerileri/
2024-11-13 09:47:50,610 - INFO - Crawling baþlatýlýyor: https://blog.sarar.com/post-sitemap.xml
2024-11-13 09:47:51,995 - INFO - Toplam 343 URL bulundu
2024-11-13 09:47:55,021 - INFO - Ýþlenen URL (1/343): https://blog.sarar.com/kumas-yikama-islemleri-nelerdir/
2024-11-13 09:47:55,021 - INFO - Ýþlenen URL (2/343): https://blog.sarar.com/sarar-ile-yaz-isiltisi/
2024-11-13 09:47:55,023 - INFO - Ýþlenen URL (3/343): https://blog.sarar.com/is-gorusmesine-giderken-tercih-edilecek-renkler/
2024-11-13 09:47:58,277 - INFO - Ýþlenen URL (4/343): https://blog.sarar.com/oglak-burcu-erkegine-ne-hediye-alinir/
2024-11-13 09:47:58,402 - INFO - Ýþlenen URL (5/343): https://blog.sarar.com/burclara-sans-getiren-renkler-nelerdir/
2024-11-13 09:47:58,410 - INFO - Ýþlenen URL (6/343): https://blog.sarar.com/oglak-burcu-kadinina-ne-hediye-alinir/
2024-11-13 09:48:00,588 - INFO - Ýþlenen URL (7/343): https://blog.sarar.com/2022-kis-kadin-renk-trendleri/
2024-11-13 09:48:01,014 - INFO - Ýþlenen URL (8/343): https://blog.sarar.com/8-mart-dunya-emekci-kadinlarin-anlamli-gunu/
2024-11-13 09:48:01,040 - INFO - Ýþlenen URL (9/343): https://blog.sarar.com/boga-burcu-kadinina-ne-hediye-alinir/
2024-11-13 09:48:02,963 - INFO - Ýþlenen URL (10/343): https://blog.sarar.com/ikizler-burcu-kadinina-ne-hediye-alinir/
2024-11-13 09:48:03,373 - INFO - Ýþlenen URL (11/343): https://blog.sarar.com/aslan-burcu-kadinina-ne-hediye-alinir/
2024-11-13 09:48:03,456 - INFO - Ýþlenen URL (12/343): https://blog.sarar.com/hafta-sonu-kacamagi-balkaya-ciftligi/
2024-11-13 09:48:05,332 - INFO - Ýþlenen URL (13/343): https://blog.sarar.com/yaz-mevsiminde-yastik-ve-yorgan-seciminin-puf-noktalari/
2024-11-13 09:48:05,965 - INFO - Ýþlenen URL (14/343): https://blog.sarar.com/surdurulebilir-dolap-olusturmak/
2024-11-13 09:48:06,023 - INFO - Ýþlenen URL (15/343): https://blog.sarar.com/hafta-sonu-kacamagi-longosphere/
2024-11-13 09:48:07,747 - INFO - Ýþlenen URL (16/343): https://blog.sarar.com/avrupa-liginde-anadolu-efes-ruzgari/
2024-11-13 09:48:08,348 - INFO - Ýþlenen URL (17/343): https://blog.sarar.com/meme-kanserinin-guclu-sembolu/
2024-11-13 09:48:08,455 - INFO - Ýþlenen URL (18/343): https://blog.sarar.com/alezleri-dogru-yikama-metotlari/
2024-11-13 09:48:10,143 - INFO - Ýþlenen URL (19/343): https://blog.sarar.com/burclara-gore-dekorasyon-nasil-yapilir/
2024-11-13 09:48:10,876 - INFO - Ýþlenen URL (20/343): https://blog.sarar.com/masa-ortulerinde-leke-cikarma-tuyolari/
2024-11-13 09:48:10,913 - INFO - Ýþlenen URL (21/343): https://blog.sarar.com/pamuk-saten-nevresim-takimlarinin-temizligi/
2024-11-13 09:48:12,666 - INFO - Ýþlenen URL (22/343): https://blog.sarar.com/bitmeyen-moda-2021de-esarp-baglama-stilleri/
2024-11-13 09:48:13,709 - INFO - Ýþlenen URL (23/343): https://blog.sarar.com/throw-nedir-ne-icin-kullanilir/
2024-11-13 09:48:13,840 - INFO - Ýþlenen URL (24/343): https://blog.sarar.com/yastik-ve-yorgan-secimiyle-konfora-ulasmak/
2024-11-13 09:48:15,149 - INFO - Ýþlenen URL (25/343): https://blog.sarar.com/sararla-gezi-rehberi-fethiye-kas/
2024-11-13 09:48:16,125 - INFO - Ýþlenen URL (26/343): https://blog.sarar.com/genc-ve-dinamik-ofisler/
2024-11-13 09:48:16,225 - INFO - Ýþlenen URL (27/343): https://blog.sarar.com/beyaz-gomlekler-nasil-ilk-gunku-gibi-kullanilabilir/
2024-11-13 09:48:18,245 - INFO - Ýþlenen URL (28/343): https://blog.sarar.com/deniz-ahmet-kose/
2024-11-13 09:48:19,876 - INFO - Ýþlenen URL (29/343): https://blog.sarar.com/hakan-basar/
2024-11-13 09:48:20,145 - INFO - Ýþlenen URL (30/343): https://blog.sarar.com/bryant-dunston/
2024-11-13 09:48:20,550 - INFO - Ýþlenen URL (31/343): https://blog.sarar.com/ebru-karaduman/
2024-11-13 09:48:22,144 - INFO - Ýþlenen URL (32/343): https://blog.sarar.com/bugrahan-tuncer/
2024-11-13 09:48:22,413 - INFO - Ýþlenen URL (33/343): https://blog.sarar.com/erten-gazi/
2024-11-13 09:48:22,799 - INFO - Ýþlenen URL (34/343): https://blog.sarar.com/doga-huriye-ozkaya/
2024-11-13 09:48:30,934 - INFO - Ýþlenen URL (35/343): https://blog.sarar.com/bir-yaz-ruyasi-turkiyenin-en-iyi-plajlari/
2024-11-13 09:48:31,025 - INFO - Ýþlenen URL (36/343): https://blog.sarar.com/yengec-burclarina-seyahat-rotasi-onerileri/
2024-11-13 09:48:31,447 - INFO - Ýþlenen URL (37/343): https://blog.sarar.com/avrupada-romantizmin-baskentleri-ve-gizli-cennetler/
2024-11-13 09:48:33,603 - INFO - Ýþlenen URL (38/343): https://blog.sarar.com/ikizler-burclarina-seyahat-rotasi-onerileri/
2024-11-13 09:48:34,219 - INFO - Ýþlenen URL (39/343): https://blog.sarar.com/boga-burclarina-seyahat-rotasi-onerileri/
2024-11-13 09:48:34,738 - INFO - Ýþlenen URL (40/343): https://blog.sarar.com/koc-burclarina-seyahat-rotasi-onerileri/
2024-11-13 09:48:37,095 - INFO - Ýþlenen URL (41/343): https://blog.sarar.com/balik-burclarina-seyahat-rotasi-onerileri/
2024-11-13 09:48:37,948 - INFO - Ýþlenen URL (42/343): https://blog.sarar.com/kova-burclarina-seyahat-rotasi-onerileri/
2024-11-13 09:48:38,281 - INFO - Ýþlenen URL (43/343): https://blog.sarar.com/oglak-burclarina-seyahat-rotasi-onerileri/
2024-11-13 09:48:39,925 - INFO - Ýþlenen URL (44/343): https://blog.sarar.com/babalarinizi-mutlu-edecek-21-hediye-onerisi/
2024-11-13 09:48:40,418 - INFO - Ýþlenen URL (45/343): https://blog.sarar.com/brunch-icin-gidebileceginiz-en-iyi-mekanlar/
2024-11-13 09:48:40,892 - INFO - Ýþlenen URL (46/343): https://blog.sarar.com/saglikli-yasam-rutininize-ebru-karaduman-dokunuslari/
2024-11-13 09:48:42,225 - INFO - Ýþlenen URL (47/343): https://blog.sarar.com/ece-ciftci/
2024-11-13 09:48:42,720 - INFO - Ýþlenen URL (48/343): https://blog.sarar.com/ozan-musluoglu/
2024-11-13 09:48:43,152 - INFO - Ýþlenen URL (49/343): https://blog.sarar.com/ferit-odman/
2024-11-13 09:48:45,047 - INFO - Ýþlenen URL (50/343): https://blog.sarar.com/will-clyburn/
2024-11-13 09:48:45,047 - INFO - Ýþlenen URL (51/343): https://blog.sarar.com/shane-larkin/
2024-11-13 09:48:46,493 - INFO - Ýþlenen URL (52/343): https://blog.sarar.com/alper-levi/
2024-11-13 09:48:47,289 - INFO - Ýþlenen URL (53/343): https://blog.sarar.com/bulut-gulen/
2024-11-13 09:48:47,705 - INFO - Ýþlenen URL (54/343): https://blog.sarar.com/volkan-hursever/
2024-11-13 09:48:48,792 - INFO - Ýþlenen URL (55/343): https://blog.sarar.com/nevzat-sayin/
2024-11-13 09:48:49,576 - INFO - Ýþlenen URL (56/343): https://blog.sarar.com/efe-celebi/
2024-11-13 09:48:50,214 - INFO - Ýþlenen URL (57/343): https://blog.sarar.com/fatih-erkoc/
2024-11-13 09:48:51,469 - INFO - Ýþlenen URL (58/343): https://blog.sarar.com/iskandinav-tarzi-ev-dekorasyonu-nedir/
2024-11-13 09:48:52,279 - INFO - Ýþlenen URL (59/343): https://blog.sarar.com/ayakkabi-alirken-ve-kullanirken-dikkat-edilmesi-gerekenler/
2024-11-13 09:48:52,795 - INFO - Ýþlenen URL (60/343): https://blog.sarar.com/tekstil-terimleri-2/
2024-11-13 09:48:53,908 - INFO - Ýþlenen URL (61/343): https://blog.sarar.com/nerede-o-eski-bayramlar/
2024-11-13 09:48:54,658 - INFO - Ýþlenen URL (62/343): https://blog.sarar.com/2022-yili-ev-dekorasyon-trendleri-ve-urunleri/
2024-11-13 09:48:55,266 - INFO - Ýþlenen URL (63/343): https://blog.sarar.com/macera-tutkunlarina-ozel-amerika-kitasi-tatil-rotalari/
2024-11-13 09:48:56,366 - INFO - Ýþlenen URL (64/343): https://blog.sarar.com/beyaz-kumlar-ve-mavi-sular-dunyanin-en-iyi-plaj-tatili-rotalari/
2024-11-13 09:48:57,100 - INFO - Ýþlenen URL (65/343): https://blog.sarar.com/bebek-nevresim-takimi-nasil-secilir/
2024-11-13 09:48:57,838 - INFO - Ýþlenen URL (66/343): https://blog.sarar.com/turkiyenin-dogal-guzellikleri-kesfedilmeyi-bekleyen-tatil-rotalari/
2024-11-13 09:48:58,816 - INFO - Ýþlenen URL (67/343): https://blog.sarar.com/yatak-odasi-dekorasyonunda-kirlent-kullanimi-ipuclari/
2024-11-13 09:48:59,567 - INFO - Ýþlenen URL (68/343): https://blog.sarar.com/kova-burcu-kadinina-ne-hediye-alinir/
2024-11-13 09:49:00,265 - INFO - Ýþlenen URL (69/343): https://blog.sarar.com/kucuk-evler-icin-dekorasyon-fikirleri/
2024-11-13 09:49:01,255 - INFO - Ýþlenen URL (70/343): https://blog.sarar.com/boga-burcu-erkegine-ne-hediye-alinir/
2024-11-13 09:49:02,441 - INFO - Ýþlenen URL (71/343): https://blog.sarar.com/sararla-gezi-rehberi-eskisehir/
2024-11-13 09:49:03,144 - INFO - Ýþlenen URL (72/343): https://blog.sarar.com/yaz-kombinleri-yapilirken-dikkat-edilmesi-gerekenler/
2024-11-13 09:49:03,923 - INFO - Ýþlenen URL (73/343): https://blog.sarar.com/sararla-gezi-rehberi-izmir/
2024-11-13 09:49:05,014 - INFO - Ýþlenen URL (74/343): https://blog.sarar.com/yay-burcu-kadinina-ne-hediye-alinir/
2024-11-13 09:49:05,611 - INFO - Ýþlenen URL (75/343): https://blog.sarar.com/2022-kis-sezonu-aksesuar-trendleri/
2024-11-13 09:49:06,390 - INFO - Ýþlenen URL (76/343): https://blog.sarar.com/basak-burcu-erkegine-ne-hediye-alinir/
2024-11-13 09:49:07,421 - INFO - Ýþlenen URL (77/343): https://blog.sarar.com/ikizler-burcu-erkegine-ne-hediye-alinir/
2024-11-13 09:49:08,036 - INFO - Ýþlenen URL (78/343): https://blog.sarar.com/pantolonunuzun-size-tam-oldugunu-anlama-yontemleri/
2024-11-13 09:49:09,421 - INFO - Ýþlenen URL (79/343): https://blog.sarar.com/beach-stilini-yakalayin/
2024-11-13 09:49:10,100 - INFO - Ýþlenen URL (80/343): https://blog.sarar.com/kol-dugmeleri-ne-anlatir/
2024-11-13 09:49:11,008 - INFO - Ýþlenen URL (81/343): https://blog.sarar.com/yengec-burcu-erkegine-ne-hediye-alinir/
2024-11-13 09:49:12,266 - INFO - Ýþlenen URL (82/343): https://blog.sarar.com/aslan-burclarina-seyahat-rotasi-onerileri/
2024-11-13 09:49:12,749 - INFO - Ýþlenen URL (83/343): https://blog.sarar.com/basak-burclarina-seyahat-rotasi-onerileri/
2024-11-13 09:49:13,387 - INFO - Ýþlenen URL (84/343): https://blog.sarar.com/terazi-burclarina-seyahat-rotasi-onerileri/
2024-11-13 09:49:14,621 - INFO - Ýþlenen URL (85/343): https://blog.sarar.com/yay-burcu-erkegine-ne-hediye-alinir/
2024-11-13 09:49:15,138 - INFO - Ýþlenen URL (86/343): https://blog.sarar.com/2023-kaban-ve-mont-trendleri/
2024-11-13 09:49:15,808 - INFO - Ýþlenen URL (87/343): https://blog.sarar.com/terazi-burcu-erkegine-ne-hediye-alinir/
2024-11-13 09:49:17,004 - INFO - Ýþlenen URL (88/343): https://blog.sarar.com/kravat-nasil-baglanir-farkli-kravat-baglama-stilleri-nelerdir/
2024-11-13 09:49:17,596 - INFO - Ýþlenen URL (89/343): https://blog.sarar.com/vucut-tipinize-gore-dogru-takim-elbise-secimi/
2024-11-13 09:49:18,187 - INFO - Ýþlenen URL (90/343): https://blog.sarar.com/deniz-kum-ve-gunesten-ilham-alanlarin-stili-marin/
2024-11-13 09:49:19,996 - INFO - Ýþlenen URL (91/343): https://blog.sarar.com/ceketinizin-size-tam-oldugunu-anlama-yontemleri/
2024-11-13 09:49:20,281 - INFO - Ýþlenen URL (92/343): https://blog.sarar.com/terazi-burcu-kadinina-ne-hediye-alinir/
2024-11-13 09:49:20,646 - INFO - Ýþlenen URL (93/343): https://blog.sarar.com/body-scanner-vucut-tarama-teknolojisi-nedir/
2024-11-13 09:49:22,427 - INFO - Ýþlenen URL (94/343): https://blog.sarar.com/urunlerin-kullanim-suresini-uzatan-faktorler/
2024-11-13 09:49:22,698 - INFO - Ýþlenen URL (95/343): https://blog.sarar.com/yunlu-trikolarda-elektriklenmeyi-nasil-onleriz/
2024-11-13 09:49:23,055 - INFO - Ýþlenen URL (96/343): https://blog.sarar.com/2021de-one-cikan-desenler-neler/
2024-11-13 09:49:25,266 - INFO - Ýþlenen URL (97/343): https://blog.sarar.com/2022-kis-erkek-triko-modelleri/
2024-11-13 09:49:25,900 - INFO - Ýþlenen URL (98/343): https://blog.sarar.com/klasik-desenleri-modernize-ettik-kazayagi/
2024-11-13 09:49:26,067 - INFO - Ýþlenen URL (99/343): https://blog.sarar.com/kis-aylarinda-hangi-kumaslar-tercih-edilmelidir/
2024-11-13 09:49:27,620 - INFO - Ýþlenen URL (100/343): https://blog.sarar.com/2022-2023-sonbahar-kis-modasi/
2024-11-13 09:49:28,271 - INFO - Ýþlenen URL (101/343): https://blog.sarar.com/surdurulebilir-dolap-detoksu/
2024-11-13 09:49:29,516 - INFO - Ýþlenen URL (102/343): https://blog.sarar.com/renkli-coraplarin-dunyasi/
2024-11-13 09:49:30,089 - INFO - Ýþlenen URL (103/343): https://blog.sarar.com/2022-kis-kadin-kombin-onerileri/
2024-11-13 09:49:30,708 - INFO - Ýþlenen URL (104/343): https://blog.sarar.com/sarar-ile-turnuva-sikligi/
2024-11-13 09:49:31,950 - INFO - Ýþlenen URL (105/343): https://blog.sarar.com/sevgililer-gunu-hediye-rehberi-2022/
2024-11-13 09:49:32,534 - INFO - Ýþlenen URL (106/343): https://blog.sarar.com/sararla-gezi-rehberi-ayvalik/
2024-11-13 09:49:33,224 - INFO - Ýþlenen URL (107/343): https://blog.sarar.com/2022-kis-zarafeti-sarar-kadin-triko-modelleri/
2024-11-13 09:49:34,399 - INFO - Ýþlenen URL (108/343): https://blog.sarar.com/akrep-burcu-erkegine-ne-hediye-alinir/
2024-11-13 09:49:35,222 - INFO - Ýþlenen URL (109/343): https://blog.sarar.com/akrep-burclarina-seyahat-rotasi-onerileri/
2024-11-13 09:49:35,620 - INFO - Ýþlenen URL (110/343): https://blog.sarar.com/cocuklarinizla-yapabileceginiz-cadilar-bayrami-aktiviteleri/
2024-11-13 09:49:36,761 - INFO - Ýþlenen URL (111/343): https://blog.sarar.com/balik-burcu-kadinina-ne-hediye-alinir/
2024-11-13 09:49:37,606 - INFO - Ýþlenen URL (112/343): https://blog.sarar.com/uraz-kivaner/
2024-11-13 09:49:38,179 - INFO - Ýþlenen URL (113/343): https://blog.sarar.com/yay-burclarina-seyahat-rotasi-onerileri/
2024-11-13 09:49:39,182 - INFO - Ýþlenen URL (114/343): https://blog.sarar.com/john-wickin-takim-elbiselerindeki-sik-ve-onemli-detaylar/
2024-11-13 09:49:40,004 - INFO - Ýþlenen URL (115/343): https://blog.sarar.com/sarar-2022-ilkbahar-yaz-koleksiyonu/
2024-11-13 09:49:40,645 - INFO - Ýþlenen URL (116/343): https://blog.sarar.com/icinizi-isitacak-kis-filmleri/
2024-11-13 09:49:41,551 - INFO - Ýþlenen URL (117/343): https://blog.sarar.com/michelin-yildizli-mekanlarda-yemek-kulturune-yolculuk/
2024-11-13 09:49:42,480 - INFO - Ýþlenen URL (118/343): https://blog.sarar.com/sehre-donus-stili/
2024-11-13 09:49:43,012 - INFO - Ýþlenen URL (119/343): https://blog.sarar.com/ozan-musluoglunun-sarar-favorileri/
2024-11-13 09:49:43,953 - INFO - Ýþlenen URL (120/343): https://blog.sarar.com/bulut-gulenin-sarar-favorileri/
2024-11-13 09:49:44,886 - INFO - Ýþlenen URL (121/343): https://blog.sarar.com/anthony-wonsey/
2024-11-13 09:49:45,391 - INFO - Ýþlenen URL (122/343): https://blog.sarar.com/jeremy-pelt/
2024-11-13 09:49:46,573 - INFO - Ýþlenen URL (123/343): https://blog.sarar.com/masa-ortusu-secerken-nelere-dikkat-edilmeli/
2024-11-13 09:49:47,447 - INFO - Ýþlenen URL (124/343): https://blog.sarar.com/uygun-pantolon-kesiminizi-bulun/
2024-11-13 09:49:47,946 - INFO - Ýþlenen URL (125/343): https://blog.sarar.com/dogru-takim-elbise-temizligi/
2024-11-13 09:49:49,311 - INFO - Ýþlenen URL (126/343): https://blog.sarar.com/canta-esarp-kullanim-kilavuzu/
2024-11-13 09:49:49,938 - INFO - Ýþlenen URL (127/343): https://blog.sarar.com/sararla-gezi-rehberi-sanliurfa-mardin/
2024-11-13 09:49:50,502 - INFO - Ýþlenen URL (128/343): https://blog.sarar.com/ilk-ilham-kaynaginiz-annenize-alabileceginiz-9-ozel-hediye-fikri/
2024-11-13 09:49:51,794 - INFO - Ýþlenen URL (129/343): https://blog.sarar.com/akrep-burcu-kadinina-ne-hediye-alinir/
2024-11-13 09:49:52,308 - INFO - Ýþlenen URL (130/343): https://blog.sarar.com/2022-yilinin-esarp-modasi-ve-renkleri/
2024-11-13 09:49:52,873 - INFO - Ýþlenen URL (131/343): https://blog.sarar.com/basak-burcu-kadinina-ne-hediye-alinir/
2024-11-13 09:49:54,698 - INFO - Ýþlenen URL (132/343): https://blog.sarar.com/yengec-burcu-kadinina-ne-hediye-alinir/
2024-11-13 09:49:54,908 - INFO - Ýþlenen URL (133/343): https://blog.sarar.com/kis-modasinin-trendleri-flanel-takim-ve-gomlekler/
2024-11-13 09:49:55,430 - INFO - Ýþlenen URL (134/343): https://blog.sarar.com/kisin-kamp-yapilabilecek-en-guzel-10-destinasyon/
2024-11-13 09:49:57,174 - INFO - Ýþlenen URL (135/343): https://blog.sarar.com/sarev-innova-white-koleksiyonu-2/
2024-11-13 09:49:57,289 - INFO - Ýþlenen URL (136/343): https://blog.sarar.com/sonbahara-yakisacak-nevresim-takimi-renkleri/
2024-11-13 09:49:59,083 - INFO - Ýþlenen URL (137/343): https://blog.sarar.com/jean-pantolon-bakimi-nasil-yapilir/
2024-11-13 09:49:59,741 - INFO - Ýþlenen URL (138/343): https://blog.sarar.com/sararla-gezi-rehberi-vizesiz-gidilen-ulkeler/
2024-11-13 09:50:00,572 - INFO - Ýþlenen URL (139/343): https://blog.sarar.com/sararla-gezi-rehberi-kapadokya/
2024-11-13 09:50:01,578 - INFO - Ýþlenen URL (140/343): https://blog.sarar.com/robin-yayla/
2024-11-13 09:50:02,187 - INFO - Ýþlenen URL (141/343): https://blog.sarar.com/unlu-turk-ressamlari-ve-eserleri/
2024-11-13 09:50:03,031 - INFO - Ýþlenen URL (142/343): https://blog.sarar.com/havlularin-yumusakligini-korumanin-puf-noktalari/
2024-11-13 09:50:04,363 - INFO - Ýþlenen URL (143/343): https://blog.sarar.com/80-yillik-miras-ve-kadinlarin-rolu/
2024-11-13 09:50:05,037 - INFO - Ýþlenen URL (144/343): https://blog.sarar.com/ferit-odmanin-sarar-favorileri/
2024-11-13 09:50:05,400 - INFO - Ýþlenen URL (145/343): https://blog.sarar.com/20li-yaslarda-giyinmenin-altin-kurali/
2024-11-13 09:50:06,884 - INFO - Ýþlenen URL (146/343): https://blog.sarar.com/vegan-ipegin-dogal-zarafeti-cupro-ile-cevre-dostu-moda/
2024-11-13 09:50:07,499 - INFO - Ýþlenen URL (147/343): https://blog.sarar.com/cantalarin-omrunu-uzatan-yontemler/
2024-11-13 09:50:09,247 - INFO - Ýþlenen URL (148/343): https://blog.sarar.com/sararla-gezi-rehberi-istanbuldaki-en-iyi-kahvalti-mekanlari/
2024-11-13 09:50:09,578 - INFO - Ýþlenen URL (149/343): https://blog.sarar.com/zamansiz-stil-classiccore/
2024-11-13 09:50:09,997 - INFO - Ýþlenen URL (150/343): https://blog.sarar.com/mevsim-gecislerinin-vazgecilmez-parcasi-deri-ceketler/
2024-11-13 09:50:11,646 - INFO - Ýþlenen URL (151/343): https://blog.sarar.com/yorganlariniz-kis-mevsimine-hazir-mi/
2024-11-13 09:50:12,029 - INFO - Ýþlenen URL (152/343): https://blog.sarar.com/doga-huriye-ozkaya-ile-ramazan-sofralari/
2024-11-13 09:50:13,299 - INFO - Ýþlenen URL (153/343): https://blog.sarar.com/emily-bluntin-zarif-stil-sirlari-kirmizi-halidan-gunluk-kombinlere/
2024-11-13 09:50:14,026 - INFO - Ýþlenen URL (154/343): https://blog.sarar.com/ipek-yorganlarin-ozellikleri-nelerdir-ve-nasil-temizlenir/
2024-11-13 09:50:14,587 - INFO - Ýþlenen URL (155/343): https://blog.sarar.com/kucuk-evler-icin-akilli-depolama-ve-alan-kullanimi-fikirleri/
2024-11-13 09:50:15,706 - INFO - Ýþlenen URL (156/343): https://blog.sarar.com/poplin-kumas-nedir/
2024-11-13 09:50:16,382 - INFO - Ýþlenen URL (157/343): https://blog.sarar.com/nevresim-takimi-olculeri-ve-kumaslari-nelerdir/
2024-11-13 09:50:16,947 - INFO - Ýþlenen URL (158/343): https://blog.sarar.com/2023-nevresim-takimi-model-ve-desen-trendleri/
2024-11-13 09:50:18,134 - INFO - Ýþlenen URL (159/343): https://blog.sarar.com/kruvaze-ceket-nasil-kombinlenir/
2024-11-13 09:50:18,781 - INFO - Ýþlenen URL (160/343): https://blog.sarar.com/the-philadelphia-storynin-eksantrik-kadini-tracy-lordun-stili/
2024-11-13 09:50:19,321 - INFO - Ýþlenen URL (161/343): https://blog.sarar.com/lady-diana-moda-dunyasinda-zamansiz-bir-ikon/
2024-11-13 09:50:20,639 - INFO - Ýþlenen URL (162/343): https://blog.sarar.com/renklerle-stil-rehberi-seftali-ve-somon-tonlari/
2024-11-13 09:50:21,190 - INFO - Ýþlenen URL (163/343): https://blog.sarar.com/tiffanyde-kahvaltinin-renkli-simasi-holly-golightlynin-stili/
2024-11-13 09:50:21,771 - INFO - Ýþlenen URL (164/343): https://blog.sarar.com/ipek-senoglunun-sarar-favorileri/
2024-11-13 09:50:23,106 - INFO - Ýþlenen URL (165/343): https://blog.sarar.com/80lerin-en-sik-finanscisi-gordon-gekkonun-stili/
2024-11-13 09:50:23,710 - INFO - Ýþlenen URL (166/343): https://blog.sarar.com/dolabinizda-mutlaka-bulunmasi-gereken-3-ceket-modeli/
2024-11-13 09:50:24,258 - INFO - Ýþlenen URL (167/343): https://blog.sarar.com/sectiginiz-renkler-sizi-anlatiyor/
2024-11-13 09:50:25,499 - INFO - Ýþlenen URL (168/343): https://blog.sarar.com/babalar-gunu-hediye-onerileri/
2024-11-13 09:50:26,124 - INFO - Ýþlenen URL (169/343): https://blog.sarar.com/alper-levinin-sarar-favorileri/
2024-11-13 09:50:26,698 - INFO - Ýþlenen URL (170/343): https://blog.sarar.com/yatak-odanizi-alerjiden-nasil-arindirirsiniz/
2024-11-13 09:50:27,869 - INFO - Ýþlenen URL (171/343): https://blog.sarar.com/yastiklarda-sararmalar-nasil-beyazlatilir-leke-cikarma-yontemleri/
2024-11-13 09:50:28,532 - INFO - Ýþlenen URL (172/343): https://blog.sarar.com/hafta-sonuna-kumas-pantolon-nasil-kombinlenir/
2024-11-13 09:50:29,113 - INFO - Ýþlenen URL (173/343): https://blog.sarar.com/kaliteli-uyku-icin-pike-ve-nevresim-secimi/
2024-11-13 09:50:30,240 - INFO - Ýþlenen URL (174/343): https://blog.sarar.com/evinizi-degistirecek-kucuk-dokunuslar-oda-kokulariyla-yenilenin/
2024-11-13 09:50:30,916 - INFO - Ýþlenen URL (175/343): https://blog.sarar.com/sik-sal-baglama-onerileri/
2024-11-13 09:50:32,055 - INFO - Ýþlenen URL (176/343): https://blog.sarar.com/uyku-sagliginizi-artiracak-oneriler/
2024-11-13 09:50:32,815 - INFO - Ýþlenen URL (177/343): https://blog.sarar.com/yengec-burclarina-etkinlik-stil-onerileri/
2024-11-13 09:50:33,326 - INFO - Ýþlenen URL (178/343): https://blog.sarar.com/bitkilerle-ev-dekorasyonu-evinize-dogayi-tasiyin/
2024-11-13 09:50:34,614 - INFO - Ýþlenen URL (179/343): https://blog.sarar.com/tatile-giderken-valiz-hazirlama-rehberi/
2024-11-13 09:50:35,215 - INFO - Ýþlenen URL (180/343): https://blog.sarar.com/bornoz-bakimi-uzun-omurlu-kullanimin-sirlari/
2024-11-13 09:50:35,769 - INFO - Ýþlenen URL (181/343): https://blog.sarar.com/sarev-urunleri-ile-sofra-sikligi/
2024-11-13 09:50:37,022 - INFO - Ýþlenen URL (182/343): https://blog.sarar.com/surdurulebilir-moda-nedir-ve-neden-onemlidir/
2024-11-13 09:50:37,681 - INFO - Ýþlenen URL (183/343): https://blog.sarar.com/mevsimlik-gardirop-temizligi-ve-duzenleme-ipuclari/
2024-11-13 09:50:38,301 - INFO - Ýþlenen URL (184/343): https://blog.sarar.com/kislik-yorgan-ve-yastik-seciminde-dikkat-edilmesi-gerekenler/
2024-11-13 09:50:39,415 - INFO - Ýþlenen URL (185/343): https://blog.sarar.com/plaj-havlusu-ve-pestemal-2024-yaz-sezonunun-vazgecilmezleri/
2024-11-13 09:50:40,761 - INFO - Ýþlenen URL (186/343): https://blog.sarar.com/cemil-topuzlu-sarev-siradisi-bir-deneyim/
2024-11-13 09:50:41,211 - INFO - Ýþlenen URL (187/343): https://blog.sarar.com/izmir-ve-bodrumdaki-yeni-michelin-lezzetleri/
2024-11-13 09:50:41,778 - INFO - Ýþlenen URL (188/343): https://blog.sarar.com/aslan-burclarina-etkinlik-stil-onerileri/
2024-11-13 09:50:43,305 - INFO - Ýþlenen URL (189/343): https://blog.sarar.com/sarar-baba-markasi-olmaktan-cikiyor/
2024-11-13 09:50:43,664 - INFO - Ýþlenen URL (190/343): https://blog.sarar.com/tekstil-terimleri-3/
2024-11-13 09:50:44,238 - INFO - Ýþlenen URL (191/343): https://blog.sarar.com/new-york-modasi-ve-sanat-dunyasi/
2024-11-13 09:50:46,058 - INFO - Ýþlenen URL (192/343): https://blog.sarar.com/zamansiz-siklik-preppy-stil-nedir/
2024-11-13 09:50:46,676 - INFO - Ýþlenen URL (193/343): https://blog.sarar.com/parizyen-stil-nedir-ve-nasil-uygulanir/
2024-11-13 09:50:46,773 - INFO - Ýþlenen URL (194/343): https://blog.sarar.com/deri-ceket-temizligi-nasil-yapilir/
2024-11-13 09:50:48,430 - INFO - Ýþlenen URL (195/343): https://blog.sarar.com/evde-denge-ve-huzur-icin-zen-dekorasyonu-ipuclari/
2024-11-13 09:50:49,181 - INFO - Ýþlenen URL (196/343): https://blog.sarar.com/kusursuz-dugun-tarzi-kadin-takim-elbiseleri/
2024-11-13 09:50:49,248 - INFO - Ýþlenen URL (197/343): https://blog.sarar.com/interview-polo-yaka-tisortlerle-5-kombin-onerisi/
2024-11-13 09:50:50,958 - INFO - Ýþlenen URL (198/343): https://blog.sarar.com/banyo-dekorasyonunda-yaz-renkleri-ferah-ve-canli-bir-banyo-icin-ipuclari/
2024-11-13 09:50:51,790 - INFO - Ýþlenen URL (199/343): https://blog.sarar.com/keten-kumas-dogal-ve-nefes-alabilir-moda-secenegi/
2024-11-13 09:50:52,588 - INFO - Ýþlenen URL (200/343): https://blog.sarar.com/mevsimlere-gore-pijama-secimi-nasil-yapilir/
2024-11-13 09:50:53,346 - INFO - Ýþlenen URL (201/343): https://blog.sarar.com/sarev-boss-home-evinize-luks-dokunus/
2024-11-13 09:50:54,208 - INFO - Ýþlenen URL (202/343): https://blog.sarar.com/sarev-kenzo-home-luks-ve-sanatin-bulusmasi/
2024-11-13 09:50:55,034 - INFO - Ýþlenen URL (203/343): https://blog.sarar.com/sarev-lacoste-home-dinamik-yasam-alanlari/
2024-11-13 09:50:55,730 - INFO - Ýþlenen URL (204/343): https://blog.sarar.com/sarev-olivier-desforges-sikligin-zirvesi/
2024-11-13 09:50:56,910 - INFO - Ýþlenen URL (205/343): https://blog.sarar.com/mayis-ayinin-stil-ilhami/
2024-11-13 09:50:57,444 - INFO - Ýþlenen URL (206/343): https://blog.sarar.com/ekim-ayi-stil-ilhami/
2024-11-13 09:50:59,158 - INFO - Ýþlenen URL (207/343): https://blog.sarar.com/ekim-ayinin-stil-ilhami/
2024-11-13 09:50:59,366 - INFO - Ýþlenen URL (208/343): https://blog.sarar.com/bebek-pike-ve-nevresim-takimlari-nasil-yikanir/
2024-11-13 09:51:00,820 - INFO - Ýþlenen URL (209/343): https://blog.sarar.com/sararla-yilbasi-pazari-onerileri/
2024-11-13 09:51:01,635 - INFO - Ýþlenen URL (210/343): https://blog.sarar.com/yilbasi-etkinlikleri-icin-5-rota-onerisi/
2024-11-13 09:51:01,768 - INFO - Ýþlenen URL (211/343): https://blog.sarar.com/ceket-dugmesi-nasil-iliklenir/
2024-11-13 09:51:03,245 - INFO - Ýþlenen URL (212/343): https://blog.sarar.com/acik-renk-gomleklerde-ter-izini-yok-etme/
2024-11-13 09:51:04,000 - INFO - Ýþlenen URL (213/343): https://blog.sarar.com/ev-modasinda-trendler/
2024-11-13 09:51:04,151 - INFO - Ýþlenen URL (214/343): https://blog.sarar.com/ev-sikligini-tamamlayan-destekleyici-parcalar/
2024-11-13 09:51:05,602 - INFO - Ýþlenen URL (215/343): https://blog.sarar.com/sicak-havalarda-terlemeye-karsi-hangi-kumaslar-tercih-edilmeli/
2024-11-13 09:51:06,595 - INFO - Ýþlenen URL (216/343): https://blog.sarar.com/yazlik-pike-secerken-dikkat-edilmesi-gerekenler/
2024-11-13 09:51:06,612 - INFO - Ýþlenen URL (217/343): https://blog.sarar.com/terazi-burclarina-etkinlik-stil-onerileri/
2024-11-13 09:51:08,042 - INFO - Ýþlenen URL (218/343): https://blog.sarar.com/flanel-kumas-hangi-mevsimlerde-daha-cok-tercih-edilir/
2024-11-13 09:51:08,917 - INFO - Ýþlenen URL (219/343): https://blog.sarar.com/monokrom-detaylara-renk-katmak/
2024-11-13 09:51:09,075 - INFO - Ýþlenen URL (220/343): https://blog.sarar.com/yasam-alanlarinda-koku-kullanimi-ve-etkileri/
2024-11-13 09:51:10,507 - INFO - Ýþlenen URL (221/343): https://blog.sarar.com/dogal-kumaslar-neden-sagliklidir/
2024-11-13 09:51:11,411 - INFO - Ýþlenen URL (222/343): https://blog.sarar.com/havlu-kalitesi-su-emiciligini-nasil-etkiler/
2024-11-13 09:51:11,494 - INFO - Ýþlenen URL (223/343): https://blog.sarar.com/kahve-tutkunlari-istanbulda-bulusuyor-istanbul-coffee-festival/
2024-11-13 09:51:13,077 - INFO - Ýþlenen URL (224/343): https://blog.sarar.com/sarar-icgoruleri-kravat-nasil-secilir/
2024-11-13 09:51:13,789 - INFO - Ýþlenen URL (225/343): https://blog.sarar.com/doga-huriye-ozkayanin-sarar-favorileri/
2024-11-13 09:51:13,897 - INFO - Ýþlenen URL (226/343): https://blog.sarar.com/sarev-sumer-koleksiyonu/
2024-11-13 09:51:15,610 - INFO - Ýþlenen URL (227/343): https://blog.sarar.com/throwlarda-tuylenme-sorununu-ortadan-kaldiran-ipuclari/
2024-11-13 09:51:16,220 - INFO - Ýþlenen URL (228/343): https://blog.sarar.com/pike-nedir-neden-pike-kullanmaliyiz/
2024-11-13 09:51:16,337 - INFO - Ýþlenen URL (229/343): https://blog.sarar.com/sevgililer-gununu-evde-planlamak-isteyen-ciftler-icin-aktivite-onerileri/
2024-11-13 09:51:18,267 - INFO - Ýþlenen URL (230/343): https://blog.sarar.com/tekstil-terimleri/
2024-11-13 09:51:19,128 - INFO - Ýþlenen URL (231/343): https://blog.sarar.com/aslan-burcu-erkegine-ne-hediye-alinir/
2024-11-13 09:51:19,226 - INFO - Ýþlenen URL (232/343): https://blog.sarar.com/koc-burcu-kadinina-ne-hediye-alinir/
2024-11-13 09:51:20,678 - INFO - Ýþlenen URL (233/343): https://blog.sarar.com/ozgur-ve-guclu-kadin-annie-hallun-bagimsiz-stili/
2024-11-13 09:51:21,518 - INFO - Ýþlenen URL (234/343): https://blog.sarar.com/ilkbahar-ve-yaz-davet-stili/
2024-11-13 09:51:21,660 - INFO - Ýþlenen URL (235/343): https://blog.sarar.com/damatlar-icin-adan-zye-takim-elbise-ve-smokin-rehberi/
2024-11-13 09:51:23,853 - INFO - Ýþlenen URL (236/343): https://blog.sarar.com/2023-damatlik-ve-takim-elbise-trendleri/
2024-11-13 09:51:24,193 - INFO - Ýþlenen URL (237/343): https://blog.sarar.com/gamboc-nedir/
2024-11-13 09:51:24,202 - INFO - Ýþlenen URL (238/343): https://blog.sarar.com/gomlek-ve-takim-elbiseye-gore-kravat-secimi-nasil-olmalidir/
2024-11-13 09:51:26,423 - INFO - Ýþlenen URL (239/343): https://blog.sarar.com/hugh-jackmandan-ilham-alan-stil-ipuclari/
2024-11-13 09:51:26,524 - INFO - Ýþlenen URL (240/343): https://blog.sarar.com/nisan-ayinin-stil-ilhami/
2024-11-13 09:51:26,616 - INFO - Ýþlenen URL (241/343): https://blog.sarar.com/renklerle-stil-rehberi-kahverengi/
2024-11-13 09:51:28,849 - INFO - Ýþlenen URL (242/343): https://blog.sarar.com/takim-elbise-ve-cekette-drop-kesim-nedir/
2024-11-13 09:51:29,048 - INFO - Ýþlenen URL (243/343): https://blog.sarar.com/kova-burcu-erkegine-ne-hediye-alinir/
2024-11-13 09:51:29,906 - INFO - Ýþlenen URL (244/343): https://blog.sarar.com/kapsul-dolap-nedir-ve-nasil-olusturulur/
2024-11-13 09:51:31,348 - INFO - Ýþlenen URL (245/343): https://blog.sarar.com/kadinlar-icin-smokin-giyim-rehberi/
2024-11-13 09:51:31,595 - INFO - Ýþlenen URL (246/343): https://blog.sarar.com/koc-burcu-erkegine-ne-hediye-alinir/
2024-11-13 09:51:32,324 - INFO - Ýþlenen URL (247/343): https://blog.sarar.com/boga-burclarina-etkinlik-stil-onerileri/
2024-11-13 09:51:33,906 - INFO - Ýþlenen URL (248/343): https://blog.sarar.com/seyahat-ederken-takim-elbise-nasil-tasinir/
2024-11-13 09:51:33,988 - INFO - Ýþlenen URL (249/343): https://blog.sarar.com/kir-dugunu-icin-damatlik-smokin-ve-takim-elbise-onerisi/
2024-11-13 09:51:34,743 - INFO - Ýþlenen URL (250/343): https://blog.sarar.com/stiletto-nedir/
2024-11-13 09:51:36,393 - INFO - Ýþlenen URL (251/343): https://blog.sarar.com/aralik-ayi-stil-ilhami/
2024-11-13 09:51:36,458 - INFO - Ýþlenen URL (252/343): https://blog.sarar.com/ilkbahar-yaz-mevsimleri-icin-gomlek-modelleri-ve-kombinleri/
2024-11-13 09:51:37,588 - INFO - Ýþlenen URL (253/343): https://blog.sarar.com/cagdas-sanatin-kalbi-istanbulda-atacak-contemporary-istanbul/
2024-11-13 09:51:38,895 - INFO - Ýþlenen URL (254/343): https://blog.sarar.com/modasi-gecmeyen-trend-sonbahar-renkleri/
2024-11-13 09:51:38,920 - INFO - Ýþlenen URL (255/343): https://blog.sarar.com/sartoria-ozel-dikim-kiyafetlerle-zarafete-ulasin/
2024-11-13 09:51:39,998 - INFO - Ýþlenen URL (256/343): https://blog.sarar.com/kis-icin-etek-ve-elbise-gorunumleri/
2024-11-13 09:51:41,337 - INFO - Ýþlenen URL (257/343): https://blog.sarar.com/dogru-takim-elbise-nasil-secilir-puf-noktalari-nelerdir/
2024-11-13 09:51:41,338 - INFO - Ýþlenen URL (258/343): https://blog.sarar.com/eylul-ayi-stil-ilhami/
2024-11-13 09:51:42,410 - INFO - Ýþlenen URL (259/343): https://blog.sarar.com/yaz-aylarinda-keten-gomleklerle-ferah-kombinler/
2024-11-13 09:51:43,744 - INFO - Ýþlenen URL (260/343): https://blog.sarar.com/en-trend-erkek-trenckot-kombinleri/
2024-11-13 09:51:43,991 - INFO - Ýþlenen URL (261/343): https://blog.sarar.com/balikci-yaka-kazaklar-nasil-kombinlenir-8-ipucu/
2024-11-13 09:51:44,985 - INFO - Ýþlenen URL (262/343): https://blog.sarar.com/kisin-hangi-renkler-nasil-kombinlenir/
2024-11-13 09:51:46,129 - INFO - Ýþlenen URL (263/343): https://blog.sarar.com/sarar-kadin-activewear/
2024-11-13 09:51:46,604 - INFO - Ýþlenen URL (264/343): https://blog.sarar.com/yeni-sezonun-moda-trendleri-ilkbahar-yaz/
2024-11-13 09:51:47,347 - INFO - Ýþlenen URL (265/343): https://blog.sarar.com/yelekli-takim-elbise-modelleri-ile-stil-ipuclari/
2024-11-13 09:51:48,638 - INFO - Ýþlenen URL (266/343): https://blog.sarar.com/vizon-rengi-ile-zarif-ve-carpici-kombinler-nasil-olusturulur/
2024-11-13 09:51:49,821 - INFO - Ýþlenen URL (267/343): https://blog.sarar.com/basak-burclarina-etkinlik-stil-onerileri/
2024-11-13 09:51:50,063 - INFO - Ýþlenen URL (268/343): https://blog.sarar.com/sarar-sartoria/
2024-11-13 09:51:51,073 - INFO - Ýþlenen URL (269/343): https://blog.sarar.com/2022-kis-erkek-kombin-onerileri/
2024-11-13 09:51:52,299 - INFO - Ýþlenen URL (270/343): https://blog.sarar.com/2022-yilinin-damatlik-modelleri-ve-trendleri-nelerdir/
2024-11-13 09:51:52,432 - INFO - Ýþlenen URL (271/343): https://blog.sarar.com/2023-2024-sonbahar-kis-modasi/
2024-11-13 09:51:53,516 - INFO - Ýþlenen URL (272/343): https://blog.sarar.com/6-adimda-sehrin-kosturmasi-icinde-sik-olmak/
2024-11-13 09:51:54,727 - INFO - Ýþlenen URL (273/343): https://blog.sarar.com/agustos-ayinin-stil-ilhami/
2024-11-13 09:51:54,802 - INFO - Ýþlenen URL (274/343): https://blog.sarar.com/blazer-ceketler-nasil-kombinlenir/
2024-11-13 09:51:55,861 - INFO - Ýþlenen URL (275/343): https://blog.sarar.com/chris-hemsworth-stili/
2024-11-13 09:51:57,576 - INFO - Ýþlenen URL (276/343): https://blog.sarar.com/damatlik-seciminde-iki-ikon-smokin-ve-takim-elbise-farklari/
2024-11-13 09:51:58,250 - INFO - Ýþlenen URL (277/343): https://blog.sarar.com/dress-code-nedir/
2024-11-13 09:51:58,340 - INFO - Ýþlenen URL (278/343): https://blog.sarar.com/damatlik-secimi-rehberi/
2024-11-13 09:52:00,235 - INFO - Ýþlenen URL (279/343): https://blog.sarar.com/damatlik-mendili-ve-damatlik-kusagi-ile-sik-damatlar/
2024-11-13 09:52:00,708 - INFO - Ýþlenen URL (280/343): https://blog.sarar.com/cumhuriyetten-gunumuze-turk-insaninin-moda-seruveni/
2024-11-13 09:52:01,275 - INFO - Ýþlenen URL (281/343): https://blog.sarar.com/damat-olmaya-hazirlananlar-icin-sarar-secimleri/
2024-11-13 09:52:02,696 - INFO - Ýþlenen URL (282/343): https://blog.sarar.com/cizgili-takim-elbise-trendleri-ve-stil-ipuclari/
2024-11-13 09:52:03,080 - INFO - Ýþlenen URL (283/343): https://blog.sarar.com/erkek-modasinin-vazgecilmez-aksesuarlari/
2024-11-13 09:52:03,878 - INFO - Ýþlenen URL (284/343): https://blog.sarar.com/frank-sinatranin-siklik-ve-zarafeti-birlestiren-stili/
2024-11-13 09:52:05,083 - INFO - Ýþlenen URL (285/343): https://blog.sarar.com/kova-burclarina-etkinlik-stili-onerileri/
2024-11-13 09:52:05,469 - INFO - Ýþlenen URL (286/343): https://blog.sarar.com/keten-gomlek-modelleri-ile-ofis-giyimi-olusturun/
2024-11-13 09:52:06,288 - INFO - Ýþlenen URL (287/343): https://blog.sarar.com/kareli-takim-elbise-giyim-ipuclari/
2024-11-13 09:52:07,474 - INFO - Ýþlenen URL (288/343): https://blog.sarar.com/ikizler-burclarina-etkinlik-stili-onerileri/
2024-11-13 09:52:07,825 - INFO - Ýþlenen URL (289/343): https://blog.sarar.com/kravat-ignesi-nasil-takilir-ve-ne-ise-yarar/
2024-11-13 09:52:08,666 - INFO - Ýþlenen URL (290/343): https://blog.sarar.com/koc-burclarina-etkinlik-stili-onerileri/
2024-11-13 09:52:09,985 - INFO - Ýþlenen URL (291/343): https://blog.sarar.com/kol-dugmesi-nasil-secilir-ve-nasil-takilir/
2024-11-13 09:52:10,253 - INFO - Ýþlenen URL (292/343): https://blog.sarar.com/flanel-nevresim-takimlarinizi-ilk-gunku-gibi-muhafaza-edin/
2024-11-13 09:52:11,111 - INFO - Ýþlenen URL (293/343): https://blog.sarar.com/sarev-innova-white-koleksiyonu/
2024-11-13 09:52:12,474 - INFO - Ýþlenen URL (294/343): https://blog.sarar.com/yilbasi-hediye-rehberi-2022/
2024-11-13 09:52:12,633 - INFO - Ýþlenen URL (295/343): https://blog.sarar.com/yasiniza-ve-beden-olculerinize-gore-aksesuar-kullanimi/
2024-11-13 09:52:13,537 - INFO - Ýþlenen URL (296/343): https://blog.sarar.com/tony-montananin-beyaz-takim-elbisesi/
2024-11-13 09:52:14,931 - INFO - Ýþlenen URL (297/343): https://blog.sarar.com/tonsurton-giyim-nedir/
2024-11-13 09:52:15,013 - INFO - Ýþlenen URL (298/343): https://blog.sarar.com/sunum-yaparken-nasil-ve-hangi-renk-giyilmelidir/
2024-11-13 09:52:15,898 - INFO - Ýþlenen URL (299/343): https://blog.sarar.com/stil-sahibi-ciftler-icin-davetlerde-uyumlu-gorunmenin-ipuclari/
2024-11-13 09:52:17,416 - INFO - Ýþlenen URL (300/343): https://blog.sarar.com/sonbahar-sikligi-trenckot-ve-yagmurluk/
2024-11-13 09:52:17,696 - INFO - Ýþlenen URL (301/343): https://blog.sarar.com/stil-sahibi-babalar-icin-ozel-babalar-gunu-hediyeleri/
2024-11-13 09:52:18,404 - INFO - Ýþlenen URL (302/343): https://blog.sarar.com/sneaker-ile-cok-sik-olmanin-6-puf-noktasi/
2024-11-13 09:52:20,116 - INFO - Ýþlenen URL (303/343): https://blog.sarar.com/smokin-yakasi-cesitleri-nelerdir-ve-nasil-secilir/
2024-11-13 09:52:20,332 - INFO - Ýþlenen URL (304/343): https://blog.sarar.com/sarardan-stil-sahibi-erkeklere-canta-tavsiyeleri/
2024-11-13 09:52:20,749 - INFO - Ýþlenen URL (305/343): https://blog.sarar.com/papyon-nasil-takilir/
2024-11-13 09:52:22,534 - INFO - Ýþlenen URL (306/343): https://blog.sarar.com/oglak-burclarina-etkinlik-stili-onerileri/
2024-11-13 09:52:22,756 - INFO - Ýþlenen URL (307/343): https://blog.sarar.com/mendilin-dili-nedir-mendil-nasil-kullanilmalidir/
2024-11-13 09:52:23,113 - INFO - Ýþlenen URL (308/343): https://blog.sarar.com/kravat-takmadan-takim-elbise-giyilebilir-mi/
2024-11-13 09:52:24,992 - INFO - Ýþlenen URL (309/343): https://blog.sarar.com/dugun-davetlerinde-en-sik-olmak-icin-dogru-secimler/
2024-11-13 09:52:25,118 - INFO - Ýþlenen URL (310/343): https://blog.sarar.com/klasik-ve-cool-tarzin-ikonu-ryan-gosling/
2024-11-13 09:52:25,775 - INFO - Ýþlenen URL (311/343): https://blog.sarar.com/james-bond-filmlerindeki-en-iyi-takim-elbise-modelleri/
2024-11-13 09:52:27,527 - INFO - Ýþlenen URL (312/343): https://blog.sarar.com/cizimleri-ilk-defa-kiyafetlerde-can-buldu/
2024-11-13 09:52:27,574 - INFO - Ýþlenen URL (313/343): https://blog.sarar.com/balik-burcu-erkegine-ne-hediye-alinir/
2024-11-13 09:52:28,135 - INFO - Ýþlenen URL (314/343): https://blog.sarar.com/mustafa-kemal-ataturkun-cagdas-ve-klasik-giyim-stili/
2024-11-13 09:52:29,873 - INFO - Ýþlenen URL (315/343): https://blog.sarar.com/28-istanbul-tiyatro-festivali-2024-basliyor/
2024-11-13 09:52:29,981 - INFO - Ýþlenen URL (316/343): https://blog.sarar.com/sarev-ile-yasam-alanlarinizi-yeniden-tanimlayin/
2024-11-13 09:52:30,507 - INFO - Ýþlenen URL (317/343): https://blog.sarar.com/marine-plaj-grubu-urunleri/
2024-11-13 09:52:32,409 - INFO - Ýþlenen URL (318/343): https://blog.sarar.com/mont-ve-kaban-cesitleri-nelerdir/
2024-11-13 09:52:32,417 - INFO - Ýþlenen URL (319/343): https://blog.sarar.com/anneler-gunu-hediye-onerileri/
2024-11-13 09:52:32,851 - INFO - Ýþlenen URL (320/343): https://blog.sarar.com/sevgililer-gunu-hediye-rehberi-2023/
2024-11-13 09:52:34,692 - INFO - Ýþlenen URL (321/343): https://blog.sarar.com/temmuz-ayinin-stil-ilhami/
2024-11-13 09:52:34,958 - INFO - Ýþlenen URL (322/343): https://blog.sarar.com/dogal-yollarla-evde-leke-cikarma-yontemleri/
2024-11-13 09:52:35,952 - INFO - Ýþlenen URL (323/343): https://blog.sarar.com/eylul-ayinin-stil-ilhami/
2024-11-13 09:52:37,079 - INFO - Ýþlenen URL (324/343): https://blog.sarar.com/sonbahar-kis-old-money-kombinleri/
2024-11-13 09:52:37,396 - INFO - Ýþlenen URL (325/343): https://blog.sarar.com/oppenheimer-stil-ilhami/
2024-11-13 09:52:38,875 - INFO - Ýþlenen URL (326/343): https://blog.sarar.com/cilt-tonunuza-gore-kiyafet-secimi-nasil-yapabilirsiniz/
2024-11-13 09:52:39,741 - INFO - Ýþlenen URL (327/343): https://blog.sarar.com/yilbasi-hediye-rehberi-2024/
2024-11-13 09:52:40,193 - INFO - Ýþlenen URL (328/343): https://blog.sarar.com/sevgililer-gununde-onu-simartmanin-6-yolu/
2024-11-13 09:52:41,594 - INFO - Ýþlenen URL (329/343): https://blog.sarar.com/sarev-banyo-ve-plaj-havlu-modelleri/
2024-11-13 09:52:42,625 - INFO - Ýþlenen URL (330/343): https://blog.sarar.com/kasim-ayinin-stil-ilhami/
2024-11-13 09:52:42,926 - INFO - Ýþlenen URL (331/343): https://blog.sarar.com/ocak-ayinin-stil-ilhami/
2024-11-13 09:52:43,943 - INFO - Ýþlenen URL (332/343): https://blog.sarar.com/mart-ayinin-stil-ilhami/
2024-11-13 09:52:45,111 - INFO - Ýþlenen URL (333/343): https://blog.sarar.com/yilbasi-daveti-stili/
2024-11-13 09:52:45,320 - INFO - Ýþlenen URL (334/343): https://blog.sarar.com/haziran-ayinin-stil-ilhami/
2024-11-13 09:52:46,384 - INFO - Ýþlenen URL (335/343): https://blog.sarar.com/yilbasi-hediye-rehberi-2023/
2024-11-13 09:52:47,480 - INFO - Ýþlenen URL (336/343): https://blog.sarar.com/tuylenen-kazak-kabanlar-nasil-temizlenir/
2024-11-13 09:52:48,160 - INFO - Ýþlenen URL (337/343): https://blog.sarar.com/aralik-ayinin-stil-ilhami/
2024-11-13 09:52:48,834 - INFO - Ýþlenen URL (338/343): https://blog.sarar.com/robin-yayla-x-sarar-sanat-ve-modanin-birlestigi-essiz-koleksiyon/
2024-11-13 09:52:49,835 - INFO - Ýþlenen URL (339/343): https://blog.sarar.com/limited-edition-serisi/
2024-11-13 09:52:50,728 - INFO - Ýþlenen URL (340/343): https://blog.sarar.com/subat-ayi-stil-ilhami/
2024-11-13 09:52:51,204 - INFO - Ýþlenen URL (341/343): https://blog.sarar.com/balik-burclarina-etkinlik-stili-onerileri/
2024-11-13 09:52:52,214 - INFO - Ýþlenen URL (342/343): https://blog.sarar.com/the-holidayin-ikonik-karakteri-iris-simpkins/
2024-11-13 09:52:53,154 - INFO - Ýþlenen URL (343/343): https://blog.sarar.com/akrep-burclarina-etkinlik-stil-onerileri/
